<testsuites id="" name="" tests="632" failures="0" skipped="632" errors="0" time="0.2536129999999999">
<testsuite name="01-login.spec.ts" timestamp="2026-08-16T19:52:10.112Z" hostname="Desktop Chrome" tests="7" failures="0" skipped="7" time="0" errors="0">
<testcase name="Section 4: Login Tests › ✓ Admin Login" classname="01-login.spec.ts">
<skipped>
</skipped>
</testcase>
<testcase name="Section 4: Login Tests › ✓ Coach Login" classname="01-login.spec.ts">
<skipped>
</skipped>
</testcase>
<testcase name="Section 4: Login Tests › ✓ Student Login" classname="01-login.spec.ts">
<skipped>
</skipped>
</testcase>
<testcase name="Section 4: Login Tests › ✓ Invalid Password" classname="01-login.spec.ts">
<skipped>
</skipped>
</testcase>
<testcase name="Section 4: Login Tests › ✓ Empty Fields" classname="01-login.spec.ts">
<skipped>
</skipped>
</testcase>
<testcase name="Section 4: Login Tests › ✓ Logout" classname="01-login.spec.ts">
<skipped>
</skipped>
</testcase>
<testcase name="Section 4: Login Tests › ✓ Session Expiry / Protected Route Redirect" classname="01-login.spec.ts">
<skipped>
</skipped>
</testcase>
</testsuite>
<testsuite name="02-book-demo.spec.ts" timestamp="2026-08-16T19:52:10.112Z" hostname="Desktop Chrome" tests="6" failures="0" skipped="6" time="0" errors="0">
<testcase name="Section 5: Book Demo Tests › ✓ Form Opens" classname="02-book-demo.spec.ts">
<skipped>
</skipped>
</testcase>
<testcase name="Section 5: Book Demo Tests › ✓ Validation Works &amp; Required Fields" classname="02-book-demo.spec.ts">
<skipped>
</skipped>
</testcase>
<testcase name="Section 5: Book Demo Tests › ✓ Email Validation" classname="02-book-demo.spec.ts">
<skipped>
</skipped>
</testcase>
<testcase name="Section 5: Book Demo Tests › ✓ Mobile Number Validation" classname="02-book-demo.spec.ts">
<skipped>
</skipped>
</testcase>
<testcase name="Section 5: Book Demo Tests › ✓ Success Message &amp; Database Entry Created" classname="02-book-demo.spec.ts">
<skipped>
</skipped>
</testcase>
<testcase name="Section 5: Book Demo Tests › ✓ Duplicate Submission Prevention" classname="02-book-demo.spec.ts">
<skipped>
</skipped>
</testcase>
</testsuite>
<testsuite name="03-student-dashboard.spec.ts" timestamp="2026-08-16T19:52:10.112Z" hostname="Desktop Chrome" tests="6" failures="0" skipped="6" time="0" errors="0">
<testcase name="Section 6: Student Dashboard › ✓ Homework List" classname="03-student-dashboard.spec.ts">
<skipped>
</skipped>
</testcase>
<testcase name="Section 6: Student Dashboard › ✓ Puzzle Progress" classname="03-student-dashboard.spec.ts">
<skipped>
</skipped>
</testcase>
<testcase name="Section 6: Student Dashboard › ✓ Attendance" classname="03-student-dashboard.spec.ts">
<skipped>
</skipped>
</testcase>
<testcase name="Section 6: Student Dashboard › ✓ Class Schedule" classname="03-student-dashboard.spec.ts">
<skipped>
</skipped>
</testcase>
<testcase name="Section 6: Student Dashboard › ✓ Certificates" classname="03-student-dashboard.spec.ts">
<skipped>
</skipped>
</testcase>
<testcase name="Section 6: Student Dashboard › ✓ Notifications" classname="03-student-dashboard.spec.ts">
<skipped>
</skipped>
</testcase>
</testsuite>
<testsuite name="04-coach-dashboard.spec.ts" timestamp="2026-08-16T19:52:10.112Z" hostname="Desktop Chrome" tests="5" failures="0" skipped="5" time="0" errors="0">
<testcase name="Section 7: Coach Dashboard › ✓ Student List" classname="04-coach-dashboard.spec.ts">
<skipped>
</skipped>
</testcase>
<testcase name="Section 7: Coach Dashboard › ✓ Homework Creation" classname="04-coach-dashboard.spec.ts">
<skipped>
</skipped>
</testcase>
<testcase name="Section 7: Coach Dashboard › ✓ Attendance Marking" classname="04-coach-dashboard.spec.ts">
<skipped>
</skipped>
</testcase>
<testcase name="Section 7: Coach Dashboard › ✓ Puzzle Assignment" classname="04-coach-dashboard.spec.ts">
<skipped>
</skipped>
</testcase>
<testcase name="Section 7: Coach Dashboard › ✓ Feedback Submission" classname="04-coach-dashboard.spec.ts">
<skipped>
</skipped>
</testcase>
</testsuite>
<testsuite name="05-admin-dashboard.spec.ts" timestamp="2026-08-16T19:52:10.112Z" hostname="Desktop Chrome" tests="7" failures="0" skipped="7" time="0" errors="0">
<testcase name="Section 8: Admin Dashboard › ✓ Dashboard Loads" classname="05-admin-dashboard.spec.ts">
<skipped>
</skipped>
</testcase>
<testcase name="Section 8: Admin Dashboard › ✓ Create Student" classname="05-admin-dashboard.spec.ts">
<skipped>
</skipped>
</testcase>
<testcase name="Section 8: Admin Dashboard › ✓ Edit Student" classname="05-admin-dashboard.spec.ts">
<skipped>
</skipped>
</testcase>
<testcase name="Section 8: Admin Dashboard › ✓ Delete Student" classname="05-admin-dashboard.spec.ts">
<skipped>
</skipped>
</testcase>
<testcase name="Section 8: Admin Dashboard › ✓ Create Coach" classname="05-admin-dashboard.spec.ts">
<skipped>
</skipped>
</testcase>
<testcase name="Section 8: Admin Dashboard › ✓ Analytics" classname="05-admin-dashboard.spec.ts">
<skipped>
</skipped>
</testcase>
<testcase name="Section 8: Admin Dashboard › ✓ Reports" classname="05-admin-dashboard.spec.ts">
<skipped>
</skipped>
</testcase>
</testsuite>
<testsuite name="06-chess-features.spec.ts" timestamp="2026-08-16T19:52:10.112Z" hostname="Desktop Chrome" tests="9" failures="0" skipped="9" time="0" errors="0">
<testcase name="Section 9: Chess Features › ✓ Chessboard Loads" classname="06-chess-features.spec.ts">
<skipped>
</skipped>
</testcase>
<testcase name="Section 9: Chess Features › ✓ Pieces Move &amp; Legal Moves" classname="06-chess-features.spec.ts">
<skipped>
</skipped>
</testcase>
<testcase name="Section 9: Chess Features › ✓ Timer Works" classname="06-chess-features.spec.ts">
<skipped>
</skipped>
</testcase>
<testcase name="Section 9: Chess Features › ✓ Board Flip" classname="06-chess-features.spec.ts">
<skipped>
</skipped>
</testcase>
<testcase name="Section 9: Chess Features › ✓ PGN Import" classname="06-chess-features.spec.ts">
<skipped>
</skipped>
</testcase>
<testcase name="Section 9: Chess Features › ✓ FEN Import" classname="06-chess-features.spec.ts">
<skipped>
</skipped>
</testcase>
<testcase name="Section 9: Chess Features › ✓ Puzzle Hint" classname="06-chess-features.spec.ts">
<skipped>
</skipped>
</testcase>
<testcase name="Section 9: Chess Features › ✓ Puzzle Solution" classname="06-chess-features.spec.ts">
<skipped>
</skipped>
</testcase>
<testcase name="Section 9: Chess Features › ✓ Analysis Board" classname="06-chess-features.spec.ts">
<skipped>
</skipped>
</testcase>
</testsuite>
<testsuite name="07-tournaments.spec.ts" timestamp="2026-08-16T19:52:10.112Z" hostname="Desktop Chrome" tests="6" failures="0" skipped="6" time="0" errors="0">
<testcase name="Section 10: Tournaments › ✓ Join Tournament" classname="07-tournaments.spec.ts">
<skipped>
</skipped>
</testcase>
<testcase name="Section 10: Tournaments › ✓ Leave Tournament" classname="07-tournaments.spec.ts">
<skipped>
</skipped>
</testcase>
<testcase name="Section 10: Tournaments › ✓ Countdown Timer" classname="07-tournaments.spec.ts">
<skipped>
</skipped>
</testcase>
<testcase name="Section 10: Tournaments › ✓ Pairings" classname="07-tournaments.spec.ts">
<skipped>
</skipped>
</testcase>
<testcase name="Section 10: Tournaments › ✓ Results" classname="07-tournaments.spec.ts">
<skipped>
</skipped>
</testcase>
<testcase name="Section 10: Tournaments › ✓ Standings" classname="07-tournaments.spec.ts">
<skipped>
</skipped>
</testcase>
</testsuite>
<testsuite name="08-payment.spec.ts" timestamp="2026-08-16T19:52:10.112Z" hostname="Desktop Chrome" tests="4" failures="0" skipped="4" time="0" errors="0">
<testcase name="Section 11: Payment › ✓ Payment Success" classname="08-payment.spec.ts">
<skipped>
</skipped>
</testcase>
<testcase name="Section 11: Payment › ✓ Payment Failure" classname="08-payment.spec.ts">
<skipped>
</skipped>
</testcase>
<testcase name="Section 11: Payment › ✓ Cancel Payment" classname="08-payment.spec.ts">
<skipped>
</skipped>
</testcase>
<testcase name="Section 11: Payment › ✓ Receipt Generated" classname="08-payment.spec.ts">
<skipped>
</skipped>
</testcase>
</testsuite>
<testsuite name="09-responsive.spec.ts" timestamp="2026-08-16T19:52:10.112Z" hostname="Desktop Chrome" tests="5" failures="0" skipped="5" time="0" errors="0">
<testcase name="Section 12: Responsive Testing › ✓ Responsive Layout sanity check on /" classname="09-responsive.spec.ts">
<skipped>
</skipped>
</testcase>
<testcase name="Section 12: Responsive Testing › ✓ Responsive Layout sanity check on /book-demo" classname="09-responsive.spec.ts">
<skipped>
</skipped>
</testcase>
<testcase name="Section 12: Responsive Testing › ✓ Responsive Layout sanity check on /login" classname="09-responsive.spec.ts">
<skipped>
</skipped>
</testcase>
<testcase name="Section 12: Responsive Testing › ✓ Responsive Layout sanity check on /programs" classname="09-responsive.spec.ts">
<skipped>
</skipped>
</testcase>
<testcase name="Section 12: Responsive Testing › ✓ Responsive Layout sanity check on /about" classname="09-responsive.spec.ts">
<skipped>
</skipped>
</testcase>
</testsuite>
<testsuite name="10-visual.spec.ts" timestamp="2026-08-16T19:52:10.112Z" hostname="Desktop Chrome" tests="4" failures="0" skipped="4" time="0" errors="0">
<testcase name="Section 13: Visual Testing › ✓ Home Page Baseline Snapshot" classname="10-visual.spec.ts">
<skipped>
</skipped>
</testcase>
<testcase name="Section 13: Visual Testing › ✓ Book Demo Page Baseline Snapshot" classname="10-visual.spec.ts">
<skipped>
</skipped>
</testcase>
<testcase name="Section 13: Visual Testing › ✓ Login Page Baseline Snapshot" classname="10-visual.spec.ts">
<skipped>
</skipped>
</testcase>
<testcase name="Section 13: Visual Testing › ✓ Detect UI Health (Broken Images, Overflows)" classname="10-visual.spec.ts">
<skipped>
</skipped>
</testcase>
</testsuite>
<testsuite name="11-performance.spec.ts" timestamp="2026-08-16T19:52:10.112Z" hostname="Desktop Chrome" tests="4" failures="0" skipped="4" time="0" errors="0">
<testcase name="Section 14: Performance SLA Tests › ✓ Measure metrics and assert &lt; 3s SLA on /" classname="11-performance.spec.ts">
<skipped>
</skipped>
</testcase>
<testcase name="Section 14: Performance SLA Tests › ✓ Measure metrics and assert &lt; 3s SLA on /book-demo" classname="11-performance.spec.ts">
<skipped>
</skipped>
</testcase>
<testcase name="Section 14: Performance SLA Tests › ✓ Measure metrics and assert &lt; 3s SLA on /login" classname="11-performance.spec.ts">
<skipped>
</skipped>
</testcase>
<testcase name="Section 14: Performance SLA Tests › ✓ Measure metrics and assert &lt; 3s SLA on /programs" classname="11-performance.spec.ts">
<skipped>
</skipped>
</testcase>
</testsuite>
<testsuite name="12-accessibility.spec.ts" timestamp="2026-08-16T19:52:10.112Z" hostname="Desktop Chrome" tests="5" failures="0" skipped="5" time="0" errors="0">
<testcase name="Section 15: Accessibility Audits (WCAG 2.1 AA) › ✓ ARIA Labels &amp; Color Contrast Audit (Home Page)" classname="12-accessibility.spec.ts">
<skipped>
</skipped>
</testcase>
<testcase name="Section 15: Accessibility Audits (WCAG 2.1 AA) › ✓ ARIA Labels &amp; Color Contrast Audit (Book Demo)" classname="12-accessibility.spec.ts">
<skipped>
</skipped>
</testcase>
<testcase name="Section 15: Accessibility Audits (WCAG 2.1 AA) › ✓ Heading Order Verification" classname="12-accessibility.spec.ts">
<skipped>
</skipped>
</testcase>
<testcase name="Section 15: Accessibility Audits (WCAG 2.1 AA) › ✓ Image Alt Text Verification" classname="12-accessibility.spec.ts">
<skipped>
</skipped>
</testcase>
<testcase name="Section 15: Accessibility Audits (WCAG 2.1 AA) › ✓ Keyboard Navigation Audit" classname="12-accessibility.spec.ts">
<skipped>
</skipped>
</testcase>
</testsuite>
<testsuite name="13-seo.spec.ts" timestamp="2026-08-16T19:52:10.112Z" hostname="Desktop Chrome" tests="6" failures="0" skipped="6" time="0" errors="0">
<testcase name="Section 16: SEO Audits › ✓ Meta Title &amp; Meta Description" classname="13-seo.spec.ts">
<skipped>
</skipped>
</testcase>
<testcase name="Section 16: SEO Audits › ✓ Canonical URL" classname="13-seo.spec.ts">
<skipped>
</skipped>
</testcase>
<testcase name="Section 16: SEO Audits › ✓ OpenGraph Tags" classname="13-seo.spec.ts">
<skipped>
</skipped>
</testcase>
<testcase name="Section 16: SEO Audits › ✓ Twitter Tags" classname="13-seo.spec.ts">
<skipped>
</skipped>
</testcase>
<testcase name="Section 16: SEO Audits › ✓ robots.txt Accessible" classname="13-seo.spec.ts">
<skipped>
</skipped>
</testcase>
<testcase name="Section 16: SEO Audits › ✓ sitemap.xml Accessible" classname="13-seo.spec.ts">
<skipped>
</skipped>
</testcase>
</testsuite>
<testsuite name="14-security.spec.ts" timestamp="2026-08-16T19:52:10.112Z" hostname="Desktop Chrome" tests="4" failures="0" skipped="4" time="0" errors="0">
<testcase name="Section 17: Security Audits › ✓ Protected Routes Redirect Unauthenticated Users" classname="14-security.spec.ts">
<skipped>
</skipped>
</testcase>
<testcase name="Section 17: Security Audits › ✓ Unauthorized Role Access Blocked (Student accessing Admin)" classname="14-security.spec.ts">
<skipped>
</skipped>
</testcase>
<testcase name="Section 17: Security Audits › ✓ XSS Prevention in Form Inputs" classname="14-security.spec.ts">
<skipped>
</skipped>
</testcase>
<testcase name="Section 17: Security Audits › ✓ Security Headers Verification" classname="14-security.spec.ts">
<skipped>
</skipped>
</testcase>
</testsuite>
<testsuite name="15-classroom-board-editor.spec.ts" timestamp="2026-08-16T19:52:10.112Z" hostname="Desktop Chrome" tests="1" failures="0" skipped="1" time="0" errors="0">
<testcase name="Section 15: Classroom Board Editor, Free Moves, and Move Notations › ✓ Coach Classroom - Board Editor, Free Move, and Notation Full Working Check" classname="15-classroom-board-editor.spec.ts">
<skipped>
</skipped>
</testcase>
</testsuite>
<testsuite name="01-login.spec.ts" timestamp="2026-08-16T19:52:10.112Z" hostname="Desktop Firefox" tests="7" failures="0" skipped="7" time="0" errors="0">
<testcase name="Section 4: Login Tests › ✓ Admin Login" classname="01-login.spec.ts">
<skipped>
</skipped>
</testcase>
<testcase name="Section 4: Login Tests › ✓ Coach Login" classname="01-login.spec.ts">
<skipped>
</skipped>
</testcase>
<testcase name="Section 4: Login Tests › ✓ Student Login" classname="01-login.spec.ts">
<skipped>
</skipped>
</testcase>
<testcase name="Section 4: Login Tests › ✓ Invalid Password" classname="01-login.spec.ts">
<skipped>
</skipped>
</testcase>
<testcase name="Section 4: Login Tests › ✓ Empty Fields" classname="01-login.spec.ts">
<skipped>
</skipped>
</testcase>
<testcase name="Section 4: Login Tests › ✓ Logout" classname="01-login.spec.ts">
<skipped>
</skipped>
</testcase>
<testcase name="Section 4: Login Tests › ✓ Session Expiry / Protected Route Redirect" classname="01-login.spec.ts">
<skipped>
</skipped>
</testcase>
</testsuite>
<testsuite name="02-book-demo.spec.ts" timestamp="2026-08-16T19:52:10.112Z" hostname="Desktop Firefox" tests="6" failures="0" skipped="6" time="0" errors="0">
<testcase name="Section 5: Book Demo Tests › ✓ Form Opens" classname="02-book-demo.spec.ts">
<skipped>
</skipped>
</testcase>
<testcase name="Section 5: Book Demo Tests › ✓ Validation Works &amp; Required Fields" classname="02-book-demo.spec.ts">
<skipped>
</skipped>
</testcase>
<testcase name="Section 5: Book Demo Tests › ✓ Email Validation" classname="02-book-demo.spec.ts">
<skipped>
</skipped>
</testcase>
<testcase name="Section 5: Book Demo Tests › ✓ Mobile Number Validation" classname="02-book-demo.spec.ts">
<skipped>
</skipped>
</testcase>
<testcase name="Section 5: Book Demo Tests › ✓ Success Message &amp; Database Entry Created" classname="02-book-demo.spec.ts">
<skipped>
</skipped>
</testcase>
<testcase name="Section 5: Book Demo Tests › ✓ Duplicate Submission Prevention" classname="02-book-demo.spec.ts">
<skipped>
</skipped>
</testcase>
</testsuite>
<testsuite name="03-student-dashboard.spec.ts" timestamp="2026-08-16T19:52:10.112Z" hostname="Desktop Firefox" tests="6" failures="0" skipped="6" time="0" errors="0">
<testcase name="Section 6: Student Dashboard › ✓ Homework List" classname="03-student-dashboard.spec.ts">
<skipped>
</skipped>
</testcase>
<testcase name="Section 6: Student Dashboard › ✓ Puzzle Progress" classname="03-student-dashboard.spec.ts">
<skipped>
</skipped>
</testcase>
<testcase name="Section 6: Student Dashboard › ✓ Attendance" classname="03-student-dashboard.spec.ts">
<skipped>
</skipped>
</testcase>
<testcase name="Section 6: Student Dashboard › ✓ Class Schedule" classname="03-student-dashboard.spec.ts">
<skipped>
</skipped>
</testcase>
<testcase name="Section 6: Student Dashboard › ✓ Certificates" classname="03-student-dashboard.spec.ts">
<skipped>
</skipped>
</testcase>
<testcase name="Section 6: Student Dashboard › ✓ Notifications" classname="03-student-dashboard.spec.ts">
<skipped>
</skipped>
</testcase>
</testsuite>
<testsuite name="04-coach-dashboard.spec.ts" timestamp="2026-08-16T19:52:10.112Z" hostname="Desktop Firefox" tests="5" failures="0" skipped="5" time="0" errors="0">
<testcase name="Section 7: Coach Dashboard › ✓ Student List" classname="04-coach-dashboard.spec.ts">
<skipped>
</skipped>
</testcase>
<testcase name="Section 7: Coach Dashboard › ✓ Homework Creation" classname="04-coach-dashboard.spec.ts">
<skipped>
</skipped>
</testcase>
<testcase name="Section 7: Coach Dashboard › ✓ Attendance Marking" classname="04-coach-dashboard.spec.ts">
<skipped>
</skipped>
</testcase>
<testcase name="Section 7: Coach Dashboard › ✓ Puzzle Assignment" classname="04-coach-dashboard.spec.ts">
<skipped>
</skipped>
</testcase>
<testcase name="Section 7: Coach Dashboard › ✓ Feedback Submission" classname="04-coach-dashboard.spec.ts">
<skipped>
</skipped>
</testcase>
</testsuite>
<testsuite name="05-admin-dashboard.spec.ts" timestamp="2026-08-16T19:52:10.112Z" hostname="Desktop Firefox" tests="7" failures="0" skipped="7" time="0" errors="0">
<testcase name="Section 8: Admin Dashboard › ✓ Dashboard Loads" classname="05-admin-dashboard.spec.ts">
<skipped>
</skipped>
</testcase>
<testcase name="Section 8: Admin Dashboard › ✓ Create Student" classname="05-admin-dashboard.spec.ts">
<skipped>
</skipped>
</testcase>
<testcase name="Section 8: Admin Dashboard › ✓ Edit Student" classname="05-admin-dashboard.spec.ts">
<skipped>
</skipped>
</testcase>
<testcase name="Section 8: Admin Dashboard › ✓ Delete Student" classname="05-admin-dashboard.spec.ts">
<skipped>
</skipped>
</testcase>
<testcase name="Section 8: Admin Dashboard › ✓ Create Coach" classname="05-admin-dashboard.spec.ts">
<skipped>
</skipped>
</testcase>
<testcase name="Section 8: Admin Dashboard › ✓ Analytics" classname="05-admin-dashboard.spec.ts">
<skipped>
</skipped>
</testcase>
<testcase name="Section 8: Admin Dashboard › ✓ Reports" classname="05-admin-dashboard.spec.ts">
<skipped>
</skipped>
</testcase>
</testsuite>
<testsuite name="06-chess-features.spec.ts" timestamp="2026-08-16T19:52:10.112Z" hostname="Desktop Firefox" tests="9" failures="0" skipped="9" time="0" errors="0">
<testcase name="Section 9: Chess Features › ✓ Chessboard Loads" classname="06-chess-features.spec.ts">
<skipped>
</skipped>
</testcase>
<testcase name="Section 9: Chess Features › ✓ Pieces Move &amp; Legal Moves" classname="06-chess-features.spec.ts">
<skipped>
</skipped>
</testcase>
<testcase name="Section 9: Chess Features › ✓ Timer Works" classname="06-chess-features.spec.ts">
<skipped>
</skipped>
</testcase>
<testcase name="Section 9: Chess Features › ✓ Board Flip" classname="06-chess-features.spec.ts">
<skipped>
</skipped>
</testcase>
<testcase name="Section 9: Chess Features › ✓ PGN Import" classname="06-chess-features.spec.ts">
<skipped>
</skipped>
</testcase>
<testcase name="Section 9: Chess Features › ✓ FEN Import" classname="06-chess-features.spec.ts">
<skipped>
</skipped>
</testcase>
<testcase name="Section 9: Chess Features › ✓ Puzzle Hint" classname="06-chess-features.spec.ts">
<skipped>
</skipped>
</testcase>
<testcase name="Section 9: Chess Features › ✓ Puzzle Solution" classname="06-chess-features.spec.ts">
<skipped>
</skipped>
</testcase>
<testcase name="Section 9: Chess Features › ✓ Analysis Board" classname="06-chess-features.spec.ts">
<skipped>
</skipped>
</testcase>
</testsuite>
<testsuite name="07-tournaments.spec.ts" timestamp="2026-08-16T19:52:10.112Z" hostname="Desktop Firefox" tests="6" failures="0" skipped="6" time="0" errors="0">
<testcase name="Section 10: Tournaments › ✓ Join Tournament" classname="07-tournaments.spec.ts">
<skipped>
</skipped>
</testcase>
<testcase name="Section 10: Tournaments › ✓ Leave Tournament" classname="07-tournaments.spec.ts">
<skipped>
</skipped>
</testcase>
<testcase name="Section 10: Tournaments › ✓ Countdown Timer" classname="07-tournaments.spec.ts">
<skipped>
</skipped>
</testcase>
<testcase name="Section 10: Tournaments › ✓ Pairings" classname="07-tournaments.spec.ts">
<skipped>
</skipped>
</testcase>
<testcase name="Section 10: Tournaments › ✓ Results" classname="07-tournaments.spec.ts">
<skipped>
</skipped>
</testcase>
<testcase name="Section 10: Tournaments › ✓ Standings" classname="07-tournaments.spec.ts">
<skipped>
</skipped>
</testcase>
</testsuite>
<testsuite name="08-payment.spec.ts" timestamp="2026-08-16T19:52:10.112Z" hostname="Desktop Firefox" tests="4" failures="0" skipped="4" time="0" errors="0">
<testcase name="Section 11: Payment › ✓ Payment Success" classname="08-payment.spec.ts">
<skipped>
</skipped>
</testcase>
<testcase name="Section 11: Payment › ✓ Payment Failure" classname="08-payment.spec.ts">
<skipped>
</skipped>
</testcase>
<testcase name="Section 11: Payment › ✓ Cancel Payment" classname="08-payment.spec.ts">
<skipped>
</skipped>
</testcase>
<testcase name="Section 11: Payment › ✓ Receipt Generated" classname="08-payment.spec.ts">
<skipped>
</skipped>
</testcase>
</testsuite>
<testsuite name="09-responsive.spec.ts" timestamp="2026-08-16T19:52:10.112Z" hostname="Desktop Firefox" tests="5" failures="0" skipped="5" time="0" errors="0">
<testcase name="Section 12: Responsive Testing › ✓ Responsive Layout sanity check on /" classname="09-responsive.spec.ts">
<skipped>
</skipped>
</testcase>
<testcase name="Section 12: Responsive Testing › ✓ Responsive Layout sanity check on /book-demo" classname="09-responsive.spec.ts">
<skipped>
</skipped>
</testcase>
<testcase name="Section 12: Responsive Testing › ✓ Responsive Layout sanity check on /login" classname="09-responsive.spec.ts">
<skipped>
</skipped>
</testcase>
<testcase name="Section 12: Responsive Testing › ✓ Responsive Layout sanity check on /programs" classname="09-responsive.spec.ts">
<skipped>
</skipped>
</testcase>
<testcase name="Section 12: Responsive Testing › ✓ Responsive Layout sanity check on /about" classname="09-responsive.spec.ts">
<skipped>
</skipped>
</testcase>
</testsuite>
<testsuite name="10-visual.spec.ts" timestamp="2026-08-16T19:52:10.112Z" hostname="Desktop Firefox" tests="4" failures="0" skipped="4" time="0" errors="0">
<testcase name="Section 13: Visual Testing › ✓ Home Page Baseline Snapshot" classname="10-visual.spec.ts">
<skipped>
</skipped>
</testcase>
<testcase name="Section 13: Visual Testing › ✓ Book Demo Page Baseline Snapshot" classname="10-visual.spec.ts">
<skipped>
</skipped>
</testcase>
<testcase name="Section 13: Visual Testing › ✓ Login Page Baseline Snapshot" classname="10-visual.spec.ts">
<skipped>
</skipped>
</testcase>
<testcase name="Section 13: Visual Testing › ✓ Detect UI Health (Broken Images, Overflows)" classname="10-visual.spec.ts">
<skipped>
</skipped>
</testcase>
</testsuite>
<testsuite name="11-performance.spec.ts" timestamp="2026-08-16T19:52:10.112Z" hostname="Desktop Firefox" tests="4" failures="0" skipped="4" time="0" errors="0">
<testcase name="Section 14: Performance SLA Tests › ✓ Measure metrics and assert &lt; 3s SLA on /" classname="11-performance.spec.ts">
<skipped>
</skipped>
</testcase>
<testcase name="Section 14: Performance SLA Tests › ✓ Measure metrics and assert &lt; 3s SLA on /book-demo" classname="11-performance.spec.ts">
<skipped>
</skipped>
</testcase>
<testcase name="Section 14: Performance SLA Tests › ✓ Measure metrics and assert &lt; 3s SLA on /login" classname="11-performance.spec.ts">
<skipped>
</skipped>
</testcase>
<testcase name="Section 14: Performance SLA Tests › ✓ Measure metrics and assert &lt; 3s SLA on /programs" classname="11-performance.spec.ts">
<skipped>
</skipped>
</testcase>
</testsuite>
<testsuite name="12-accessibility.spec.ts" timestamp="2026-08-16T19:52:10.112Z" hostname="Desktop Firefox" tests="5" failures="0" skipped="5" time="0" errors="0">
<testcase name="Section 15: Accessibility Audits (WCAG 2.1 AA) › ✓ ARIA Labels &amp; Color Contrast Audit (Home Page)" classname="12-accessibility.spec.ts">
<skipped>
</skipped>
</testcase>
<testcase name="Section 15: Accessibility Audits (WCAG 2.1 AA) › ✓ ARIA Labels &amp; Color Contrast Audit (Book Demo)" classname="12-accessibility.spec.ts">
<skipped>
</skipped>
</testcase>
<testcase name="Section 15: Accessibility Audits (WCAG 2.1 AA) › ✓ Heading Order Verification" classname="12-accessibility.spec.ts">
<skipped>
</skipped>
</testcase>
<testcase name="Section 15: Accessibility Audits (WCAG 2.1 AA) › ✓ Image Alt Text Verification" classname="12-accessibility.spec.ts">
<skipped>
</skipped>
</testcase>
<testcase name="Section 15: Accessibility Audits (WCAG 2.1 AA) › ✓ Keyboard Navigation Audit" classname="12-accessibility.spec.ts">
<skipped>
</skipped>
</testcase>
</testsuite>
<testsuite name="13-seo.spec.ts" timestamp="2026-08-16T19:52:10.112Z" hostname="Desktop Firefox" tests="6" failures="0" skipped="6" time="0" errors="0">
<testcase name="Section 16: SEO Audits › ✓ Meta Title &amp; Meta Description" classname="13-seo.spec.ts">
<skipped>
</skipped>
</testcase>
<testcase name="Section 16: SEO Audits › ✓ Canonical URL" classname="13-seo.spec.ts">
<skipped>
</skipped>
</testcase>
<testcase name="Section 16: SEO Audits › ✓ OpenGraph Tags" classname="13-seo.spec.ts">
<skipped>
</skipped>
</testcase>
<testcase name="Section 16: SEO Audits › ✓ Twitter Tags" classname="13-seo.spec.ts">
<skipped>
</skipped>
</testcase>
<testcase name="Section 16: SEO Audits › ✓ robots.txt Accessible" classname="13-seo.spec.ts">
<skipped>
</skipped>
</testcase>
<testcase name="Section 16: SEO Audits › ✓ sitemap.xml Accessible" classname="13-seo.spec.ts">
<skipped>
</skipped>
</testcase>
</testsuite>
<testsuite name="14-security.spec.ts" timestamp="2026-08-16T19:52:10.112Z" hostname="Desktop Firefox" tests="4" failures="0" skipped="4" time="0" errors="0">
<testcase name="Section 17: Security Audits › ✓ Protected Routes Redirect Unauthenticated Users" classname="14-security.spec.ts">
<skipped>
</skipped>
</testcase>
<testcase name="Section 17: Security Audits › ✓ Unauthorized Role Access Blocked (Student accessing Admin)" classname="14-security.spec.ts">
<skipped>
</skipped>
</testcase>
<testcase name="Section 17: Security Audits › ✓ XSS Prevention in Form Inputs" classname="14-security.spec.ts">
<skipped>
</skipped>
</testcase>
<testcase name="Section 17: Security Audits › ✓ Security Headers Verification" classname="14-security.spec.ts">
<skipped>
</skipped>
</testcase>
</testsuite>
<testsuite name="15-classroom-board-editor.spec.ts" timestamp="2026-08-16T19:52:10.112Z" hostname="Desktop Firefox" tests="1" failures="0" skipped="1" time="0" errors="0">
<testcase name="Section 15: Classroom Board Editor, Free Moves, and Move Notations › ✓ Coach Classroom - Board Editor, Free Move, and Notation Full Working Check" classname="15-classroom-board-editor.spec.ts">
<skipped>
</skipped>
</testcase>
</testsuite>
<testsuite name="01-login.spec.ts" timestamp="2026-08-16T19:52:10.112Z" hostname="Desktop Safari" tests="7" failures="0" skipped="7" time="0" errors="0">
<testcase name="Section 4: Login Tests › ✓ Admin Login" classname="01-login.spec.ts">
<skipped>
</skipped>
</testcase>
<testcase name="Section 4: Login Tests › ✓ Coach Login" classname="01-login.spec.ts">
<skipped>
</skipped>
</testcase>
<testcase name="Section 4: Login Tests › ✓ Student Login" classname="01-login.spec.ts">
<skipped>
</skipped>
</testcase>
<testcase name="Section 4: Login Tests › ✓ Invalid Password" classname="01-login.spec.ts">
<skipped>
</skipped>
</testcase>
<testcase name="Section 4: Login Tests › ✓ Empty Fields" classname="01-login.spec.ts">
<skipped>
</skipped>
</testcase>
<testcase name="Section 4: Login Tests › ✓ Logout" classname="01-login.spec.ts">
<skipped>
</skipped>
</testcase>
<testcase name="Section 4: Login Tests › ✓ Session Expiry / Protected Route Redirect" classname="01-login.spec.ts">
<skipped>
</skipped>
</testcase>
</testsuite>
<testsuite name="02-book-demo.spec.ts" timestamp="2026-08-16T19:52:10.112Z" hostname="Desktop Safari" tests="6" failures="0" skipped="6" time="0" errors="0">
<testcase name="Section 5: Book Demo Tests › ✓ Form Opens" classname="02-book-demo.spec.ts">
<skipped>
</skipped>
</testcase>
<testcase name="Section 5: Book Demo Tests › ✓ Validation Works &amp; Required Fields" classname="02-book-demo.spec.ts">
<skipped>
</skipped>
</testcase>
<testcase name="Section 5: Book Demo Tests › ✓ Email Validation" classname="02-book-demo.spec.ts">
<skipped>
</skipped>
</testcase>
<testcase name="Section 5: Book Demo Tests › ✓ Mobile Number Validation" classname="02-book-demo.spec.ts">
<skipped>
</skipped>
</testcase>
<testcase name="Section 5: Book Demo Tests › ✓ Success Message &amp; Database Entry Created" classname="02-book-demo.spec.ts">
<skipped>
</skipped>
</testcase>
<testcase name="Section 5: Book Demo Tests › ✓ Duplicate Submission Prevention" classname="02-book-demo.spec.ts">
<skipped>
</skipped>
</testcase>
</testsuite>
<testsuite name="03-student-dashboard.spec.ts" timestamp="2026-08-16T19:52:10.112Z" hostname="Desktop Safari" tests="6" failures="0" skipped="6" time="0" errors="0">
<testcase name="Section 6: Student Dashboard › ✓ Homework List" classname="03-student-dashboard.spec.ts">
<skipped>
</skipped>
</testcase>
<testcase name="Section 6: Student Dashboard › ✓ Puzzle Progress" classname="03-student-dashboard.spec.ts">
<skipped>
</skipped>
</testcase>
<testcase name="Section 6: Student Dashboard › ✓ Attendance" classname="03-student-dashboard.spec.ts">
<skipped>
</skipped>
</testcase>
<testcase name="Section 6: Student Dashboard › ✓ Class Schedule" classname="03-student-dashboard.spec.ts">
<skipped>
</skipped>
</testcase>
<testcase name="Section 6: Student Dashboard › ✓ Certificates" classname="03-student-dashboard.spec.ts">
<skipped>
</skipped>
</testcase>
<testcase name="Section 6: Student Dashboard › ✓ Notifications" classname="03-student-dashboard.spec.ts">
<skipped>
</skipped>
</testcase>
</testsuite>
<testsuite name="04-coach-dashboard.spec.ts" timestamp="2026-08-16T19:52:10.112Z" hostname="Desktop Safari" tests="5" failures="0" skipped="5" time="0" errors="0">
<testcase name="Section 7: Coach Dashboard › ✓ Student List" classname="04-coach-dashboard.spec.ts">
<skipped>
</skipped>
</testcase>
<testcase name="Section 7: Coach Dashboard › ✓ Homework Creation" classname="04-coach-dashboard.spec.ts">
<skipped>
</skipped>
</testcase>
<testcase name="Section 7: Coach Dashboard › ✓ Attendance Marking" classname="04-coach-dashboard.spec.ts">
<skipped>
</skipped>
</testcase>
<testcase name="Section 7: Coach Dashboard › ✓ Puzzle Assignment" classname="04-coach-dashboard.spec.ts">
<skipped>
</skipped>
</testcase>
<testcase name="Section 7: Coach Dashboard › ✓ Feedback Submission" classname="04-coach-dashboard.spec.ts">
<skipped>
</skipped>
</testcase>
</testsuite>
<testsuite name="05-admin-dashboard.spec.ts" timestamp="2026-08-16T19:52:10.112Z" hostname="Desktop Safari" tests="7" failures="0" skipped="7" time="0" errors="0">
<testcase name="Section 8: Admin Dashboard › ✓ Dashboard Loads" classname="05-admin-dashboard.spec.ts">
<skipped>
</skipped>
</testcase>
<testcase name="Section 8: Admin Dashboard › ✓ Create Student" classname="05-admin-dashboard.spec.ts">
<skipped>
</skipped>
</testcase>
<testcase name="Section 8: Admin Dashboard › ✓ Edit Student" classname="05-admin-dashboard.spec.ts">
<skipped>
</skipped>
</testcase>
<testcase name="Section 8: Admin Dashboard › ✓ Delete Student" classname="05-admin-dashboard.spec.ts">
<skipped>
</skipped>
</testcase>
<testcase name="Section 8: Admin Dashboard › ✓ Create Coach" classname="05-admin-dashboard.spec.ts">
<skipped>
</skipped>
</testcase>
<testcase name="Section 8: Admin Dashboard › ✓ Analytics" classname="05-admin-dashboard.spec.ts">
<skipped>
</skipped>
</testcase>
<testcase name="Section 8: Admin Dashboard › ✓ Reports" classname="05-admin-dashboard.spec.ts">
<skipped>
</skipped>
</testcase>
</testsuite>
<testsuite name="06-chess-features.spec.ts" timestamp="2026-08-16T19:52:10.112Z" hostname="Desktop Safari" tests="9" failures="0" skipped="9" time="0" errors="0">
<testcase name="Section 9: Chess Features › ✓ Chessboard Loads" classname="06-chess-features.spec.ts">
<skipped>
</skipped>
</testcase>
<testcase name="Section 9: Chess Features › ✓ Pieces Move &amp; Legal Moves" classname="06-chess-features.spec.ts">
<skipped>
</skipped>
</testcase>
<testcase name="Section 9: Chess Features › ✓ Timer Works" classname="06-chess-features.spec.ts">
<skipped>
</skipped>
</testcase>
<testcase name="Section 9: Chess Features › ✓ Board Flip" classname="06-chess-features.spec.ts">
<skipped>
</skipped>
</testcase>
<testcase name="Section 9: Chess Features › ✓ PGN Import" classname="06-chess-features.spec.ts">
<skipped>
</skipped>
</testcase>
<testcase name="Section 9: Chess Features › ✓ FEN Import" classname="06-chess-features.spec.ts">
<skipped>
</skipped>
</testcase>
<testcase name="Section 9: Chess Features › ✓ Puzzle Hint" classname="06-chess-features.spec.ts">
<skipped>
</skipped>
</testcase>
<testcase name="Section 9: Chess Features › ✓ Puzzle Solution" classname="06-chess-features.spec.ts">
<skipped>
</skipped>
</testcase>
<testcase name="Section 9: Chess Features › ✓ Analysis Board" classname="06-chess-features.spec.ts">
<skipped>
</skipped>
</testcase>
</testsuite>
<testsuite name="07-tournaments.spec.ts" timestamp="2026-08-16T19:52:10.112Z" hostname="Desktop Safari" tests="6" failures="0" skipped="6" time="0" errors="0">
<testcase name="Section 10: Tournaments › ✓ Join Tournament" classname="07-tournaments.spec.ts">
<skipped>
</skipped>
</testcase>
<testcase name="Section 10: Tournaments › ✓ Leave Tournament" classname="07-tournaments.spec.ts">
<skipped>
</skipped>
</testcase>
<testcase name="Section 10: Tournaments › ✓ Countdown Timer" classname="07-tournaments.spec.ts">
<skipped>
</skipped>
</testcase>
<testcase name="Section 10: Tournaments › ✓ Pairings" classname="07-tournaments.spec.ts">
<skipped>
</skipped>
</testcase>
<testcase name="Section 10: Tournaments › ✓ Results" classname="07-tournaments.spec.ts">
<skipped>
</skipped>
</testcase>
<testcase name="Section 10: Tournaments › ✓ Standings" classname="07-tournaments.spec.ts">
<skipped>
</skipped>
</testcase>
</testsuite>
<testsuite name="08-payment.spec.ts" timestamp="2026-08-16T19:52:10.112Z" hostname="Desktop Safari" tests="4" failures="0" skipped="4" time="0" errors="0">
<testcase name="Section 11: Payment › ✓ Payment Success" classname="08-payment.spec.ts">
<skipped>
</skipped>
</testcase>
<testcase name="Section 11: Payment › ✓ Payment Failure" classname="08-payment.spec.ts">
<skipped>
</skipped>
</testcase>
<testcase name="Section 11: Payment › ✓ Cancel Payment" classname="08-payment.spec.ts">
<skipped>
</skipped>
</testcase>
<testcase name="Section 11: Payment › ✓ Receipt Generated" classname="08-payment.spec.ts">
<skipped>
</skipped>
</testcase>
</testsuite>
<testsuite name="09-responsive.spec.ts" timestamp="2026-08-16T19:52:10.112Z" hostname="Desktop Safari" tests="5" failures="0" skipped="5" time="0" errors="0">
<testcase name="Section 12: Responsive Testing › ✓ Responsive Layout sanity check on /" classname="09-responsive.spec.ts">
<skipped>
</skipped>
</testcase>
<testcase name="Section 12: Responsive Testing › ✓ Responsive Layout sanity check on /book-demo" classname="09-responsive.spec.ts">
<skipped>
</skipped>
</testcase>
<testcase name="Section 12: Responsive Testing › ✓ Responsive Layout sanity check on /login" classname="09-responsive.spec.ts">
<skipped>
</skipped>
</testcase>
<testcase name="Section 12: Responsive Testing › ✓ Responsive Layout sanity check on /programs" classname="09-responsive.spec.ts">
<skipped>
</skipped>
</testcase>
<testcase name="Section 12: Responsive Testing › ✓ Responsive Layout sanity check on /about" classname="09-responsive.spec.ts">
<skipped>
</skipped>
</testcase>
</testsuite>
<testsuite name="10-visual.spec.ts" timestamp="2026-08-16T19:52:10.112Z" hostname="Desktop Safari" tests="4" failures="0" skipped="4" time="0" errors="0">
<testcase name="Section 13: Visual Testing › ✓ Home Page Baseline Snapshot" classname="10-visual.spec.ts">
<skipped>
</skipped>
</testcase>
<testcase name="Section 13: Visual Testing › ✓ Book Demo Page Baseline Snapshot" classname="10-visual.spec.ts">
<skipped>
</skipped>
</testcase>
<testcase name="Section 13: Visual Testing › ✓ Login Page Baseline Snapshot" classname="10-visual.spec.ts">
<skipped>
</skipped>
</testcase>
<testcase name="Section 13: Visual Testing › ✓ Detect UI Health (Broken Images, Overflows)" classname="10-visual.spec.ts">
<skipped>
</skipped>
</testcase>
</testsuite>
<testsuite name="11-performance.spec.ts" timestamp="2026-08-16T19:52:10.112Z" hostname="Desktop Safari" tests="4" failures="0" skipped="4" time="0" errors="0">
<testcase name="Section 14: Performance SLA Tests › ✓ Measure metrics and assert &lt; 3s SLA on /" classname="11-performance.spec.ts">
<skipped>
</skipped>
</testcase>
<testcase name="Section 14: Performance SLA Tests › ✓ Measure metrics and assert &lt; 3s SLA on /book-demo" classname="11-performance.spec.ts">
<skipped>
</skipped>
</testcase>
<testcase name="Section 14: Performance SLA Tests › ✓ Measure metrics and assert &lt; 3s SLA on /login" classname="11-performance.spec.ts">
<skipped>
</skipped>
</testcase>
<testcase name="Section 14: Performance SLA Tests › ✓ Measure metrics and assert &lt; 3s SLA on /programs" classname="11-performance.spec.ts">
<skipped>
</skipped>
</testcase>
</testsuite>
<testsuite name="12-accessibility.spec.ts" timestamp="2026-08-16T19:52:10.112Z" hostname="Desktop Safari" tests="5" failures="0" skipped="5" time="0" errors="0">
<testcase name="Section 15: Accessibility Audits (WCAG 2.1 AA) › ✓ ARIA Labels &amp; Color Contrast Audit (Home Page)" classname="12-accessibility.spec.ts">
<skipped>
</skipped>
</testcase>
<testcase name="Section 15: Accessibility Audits (WCAG 2.1 AA) › ✓ ARIA Labels &amp; Color Contrast Audit (Book Demo)" classname="12-accessibility.spec.ts">
<skipped>
</skipped>
</testcase>
<testcase name="Section 15: Accessibility Audits (WCAG 2.1 AA) › ✓ Heading Order Verification" classname="12-accessibility.spec.ts">
<skipped>
</skipped>
</testcase>
<testcase name="Section 15: Accessibility Audits (WCAG 2.1 AA) › ✓ Image Alt Text Verification" classname="12-accessibility.spec.ts">
<skipped>
</skipped>
</testcase>
<testcase name="Section 15: Accessibility Audits (WCAG 2.1 AA) › ✓ Keyboard Navigation Audit" classname="12-accessibility.spec.ts">
<skipped>
</skipped>
</testcase>
</testsuite>
<testsuite name="13-seo.spec.ts" timestamp="2026-08-16T19:52:10.112Z" hostname="Desktop Safari" tests="6" failures="0" skipped="6" time="0" errors="0">
<testcase name="Section 16: SEO Audits › ✓ Meta Title &amp; Meta Description" classname="13-seo.spec.ts">
<skipped>
</skipped>
</testcase>
<testcase name="Section 16: SEO Audits › ✓ Canonical URL" classname="13-seo.spec.ts">
<skipped>
</skipped>
</testcase>
<testcase name="Section 16: SEO Audits › ✓ OpenGraph Tags" classname="13-seo.spec.ts">
<skipped>
</skipped>
</testcase>
<testcase name="Section 16: SEO Audits › ✓ Twitter Tags" classname="13-seo.spec.ts">
<skipped>
</skipped>
</testcase>
<testcase name="Section 16: SEO Audits › ✓ robots.txt Accessible" classname="13-seo.spec.ts">
<skipped>
</skipped>
</testcase>
<testcase name="Section 16: SEO Audits › ✓ sitemap.xml Accessible" classname="13-seo.spec.ts">
<skipped>
</skipped>
</testcase>
</testsuite>
<testsuite name="14-security.spec.ts" timestamp="2026-08-16T19:52:10.112Z" hostname="Desktop Safari" tests="4" failures="0" skipped="4" time="0" errors="0">
<testcase name="Section 17: Security Audits › ✓ Protected Routes Redirect Unauthenticated Users" classname="14-security.spec.ts">
<skipped>
</skipped>
</testcase>
<testcase name="Section 17: Security Audits › ✓ Unauthorized Role Access Blocked (Student accessing Admin)" classname="14-security.spec.ts">
<skipped>
</skipped>
</testcase>
<testcase name="Section 17: Security Audits › ✓ XSS Prevention in Form Inputs" classname="14-security.spec.ts">
<skipped>
</skipped>
</testcase>
<testcase name="Section 17: Security Audits › ✓ Security Headers Verification" classname="14-security.spec.ts">
<skipped>
</skipped>
</testcase>
</testsuite>
<testsuite name="15-classroom-board-editor.spec.ts" timestamp="2026-08-16T19:52:10.112Z" hostname="Desktop Safari" tests="1" failures="0" skipped="1" time="0" errors="0">
<testcase name="Section 15: Classroom Board Editor, Free Moves, and Move Notations › ✓ Coach Classroom - Board Editor, Free Move, and Notation Full Working Check" classname="15-classroom-board-editor.spec.ts">
<skipped>
</skipped>
</testcase>
</testsuite>
<testsuite name="01-login.spec.ts" timestamp="2026-08-16T19:52:10.112Z" hostname="Edge" tests="7" failures="0" skipped="7" time="0" errors="0">
<testcase name="Section 4: Login Tests › ✓ Admin Login" classname="01-login.spec.ts">
<skipped>
</skipped>
</testcase>
<testcase name="Section 4: Login Tests › ✓ Coach Login" classname="01-login.spec.ts">
<skipped>
</skipped>
</testcase>
<testcase name="Section 4: Login Tests › ✓ Student Login" classname="01-login.spec.ts">
<skipped>
</skipped>
</testcase>
<testcase name="Section 4: Login Tests › ✓ Invalid Password" classname="01-login.spec.ts">
<skipped>
</skipped>
</testcase>
<testcase name="Section 4: Login Tests › ✓ Empty Fields" classname="01-login.spec.ts">
<skipped>
</skipped>
</testcase>
<testcase name="Section 4: Login Tests › ✓ Logout" classname="01-login.spec.ts">
<skipped>
</skipped>
</testcase>
<testcase name="Section 4: Login Tests › ✓ Session Expiry / Protected Route Redirect" classname="01-login.spec.ts">
<skipped>
</skipped>
</testcase>
</testsuite>
<testsuite name="02-book-demo.spec.ts" timestamp="2026-08-16T19:52:10.112Z" hostname="Edge" tests="6" failures="0" skipped="6" time="0" errors="0">
<testcase name="Section 5: Book Demo Tests › ✓ Form Opens" classname="02-book-demo.spec.ts">
<skipped>
</skipped>
</testcase>
<testcase name="Section 5: Book Demo Tests › ✓ Validation Works &amp; Required Fields" classname="02-book-demo.spec.ts">
<skipped>
</skipped>
</testcase>
<testcase name="Section 5: Book Demo Tests › ✓ Email Validation" classname="02-book-demo.spec.ts">
<skipped>
</skipped>
</testcase>
<testcase name="Section 5: Book Demo Tests › ✓ Mobile Number Validation" classname="02-book-demo.spec.ts">
<skipped>
</skipped>
</testcase>
<testcase name="Section 5: Book Demo Tests › ✓ Success Message &amp; Database Entry Created" classname="02-book-demo.spec.ts">
<skipped>
</skipped>
</testcase>
<testcase name="Section 5: Book Demo Tests › ✓ Duplicate Submission Prevention" classname="02-book-demo.spec.ts">
<skipped>
</skipped>
</testcase>
</testsuite>
<testsuite name="03-student-dashboard.spec.ts" timestamp="2026-08-16T19:52:10.112Z" hostname="Edge" tests="6" failures="0" skipped="6" time="0" errors="0">
<testcase name="Section 6: Student Dashboard › ✓ Homework List" classname="03-student-dashboard.spec.ts">
<skipped>
</skipped>
</testcase>
<testcase name="Section 6: Student Dashboard › ✓ Puzzle Progress" classname="03-student-dashboard.spec.ts">
<skipped>
</skipped>
</testcase>
<testcase name="Section 6: Student Dashboard › ✓ Attendance" classname="03-student-dashboard.spec.ts">
<skipped>
</skipped>
</testcase>
<testcase name="Section 6: Student Dashboard › ✓ Class Schedule" classname="03-student-dashboard.spec.ts">
<skipped>
</skipped>
</testcase>
<testcase name="Section 6: Student Dashboard › ✓ Certificates" classname="03-student-dashboard.spec.ts">
<skipped>
</skipped>
</testcase>
<testcase name="Section 6: Student Dashboard › ✓ Notifications" classname="03-student-dashboard.spec.ts">
<skipped>
</skipped>
</testcase>
</testsuite>
<testsuite name="04-coach-dashboard.spec.ts" timestamp="2026-08-16T19:52:10.112Z" hostname="Edge" tests="5" failures="0" skipped="5" time="0" errors="0">
<testcase name="Section 7: Coach Dashboard › ✓ Student List" classname="04-coach-dashboard.spec.ts">
<skipped>
</skipped>
</testcase>
<testcase name="Section 7: Coach Dashboard › ✓ Homework Creation" classname="04-coach-dashboard.spec.ts">
<skipped>
</skipped>
</testcase>
<testcase name="Section 7: Coach Dashboard › ✓ Attendance Marking" classname="04-coach-dashboard.spec.ts">
<skipped>
</skipped>
</testcase>
<testcase name="Section 7: Coach Dashboard › ✓ Puzzle Assignment" classname="04-coach-dashboard.spec.ts">
<skipped>
</skipped>
</testcase>
<testcase name="Section 7: Coach Dashboard › ✓ Feedback Submission" classname="04-coach-dashboard.spec.ts">
<skipped>
</skipped>
</testcase>
</testsuite>
<testsuite name="05-admin-dashboard.spec.ts" timestamp="2026-08-16T19:52:10.112Z" hostname="Edge" tests="7" failures="0" skipped="7" time="0" errors="0">
<testcase name="Section 8: Admin Dashboard › ✓ Dashboard Loads" classname="05-admin-dashboard.spec.ts">
<skipped>
</skipped>
</testcase>
<testcase name="Section 8: Admin Dashboard › ✓ Create Student" classname="05-admin-dashboard.spec.ts">
<skipped>
</skipped>
</testcase>
<testcase name="Section 8: Admin Dashboard › ✓ Edit Student" classname="05-admin-dashboard.spec.ts">
<skipped>
</skipped>
</testcase>
<testcase name="Section 8: Admin Dashboard › ✓ Delete Student" classname="05-admin-dashboard.spec.ts">
<skipped>
</skipped>
</testcase>
<testcase name="Section 8: Admin Dashboard › ✓ Create Coach" classname="05-admin-dashboard.spec.ts">
<skipped>
</skipped>
</testcase>
<testcase name="Section 8: Admin Dashboard › ✓ Analytics" classname="05-admin-dashboard.spec.ts">
<skipped>
</skipped>
</testcase>
<testcase name="Section 8: Admin Dashboard › ✓ Reports" classname="05-admin-dashboard.spec.ts">
<skipped>
</skipped>
</testcase>
</testsuite>
<testsuite name="06-chess-features.spec.ts" timestamp="2026-08-16T19:52:10.112Z" hostname="Edge" tests="9" failures="0" skipped="9" time="0" errors="0">
<testcase name="Section 9: Chess Features › ✓ Chessboard Loads" classname="06-chess-features.spec.ts">
<skipped>
</skipped>
</testcase>
<testcase name="Section 9: Chess Features › ✓ Pieces Move &amp; Legal Moves" classname="06-chess-features.spec.ts">
<skipped>
</skipped>
</testcase>
<testcase name="Section 9: Chess Features › ✓ Timer Works" classname="06-chess-features.spec.ts">
<skipped>
</skipped>
</testcase>
<testcase name="Section 9: Chess Features › ✓ Board Flip" classname="06-chess-features.spec.ts">
<skipped>
</skipped>
</testcase>
<testcase name="Section 9: Chess Features › ✓ PGN Import" classname="06-chess-features.spec.ts">
<skipped>
</skipped>
</testcase>
<testcase name="Section 9: Chess Features › ✓ FEN Import" classname="06-chess-features.spec.ts">
<skipped>
</skipped>
</testcase>
<testcase name="Section 9: Chess Features › ✓ Puzzle Hint" classname="06-chess-features.spec.ts">
<skipped>
</skipped>
</testcase>
<testcase name="Section 9: Chess Features › ✓ Puzzle Solution" classname="06-chess-features.spec.ts">
<skipped>
</skipped>
</testcase>
<testcase name="Section 9: Chess Features › ✓ Analysis Board" classname="06-chess-features.spec.ts">
<skipped>
</skipped>
</testcase>
</testsuite>
<testsuite name="07-tournaments.spec.ts" timestamp="2026-08-16T19:52:10.112Z" hostname="Edge" tests="6" failures="0" skipped="6" time="0" errors="0">
<testcase name="Section 10: Tournaments › ✓ Join Tournament" classname="07-tournaments.spec.ts">
<skipped>
</skipped>
</testcase>
<testcase name="Section 10: Tournaments › ✓ Leave Tournament" classname="07-tournaments.spec.ts">
<skipped>
</skipped>
</testcase>
<testcase name="Section 10: Tournaments › ✓ Countdown Timer" classname="07-tournaments.spec.ts">
<skipped>
</skipped>
</testcase>
<testcase name="Section 10: Tournaments › ✓ Pairings" classname="07-tournaments.spec.ts">
<skipped>
</skipped>
</testcase>
<testcase name="Section 10: Tournaments › ✓ Results" classname="07-tournaments.spec.ts">
<skipped>
</skipped>
</testcase>
<testcase name="Section 10: Tournaments › ✓ Standings" classname="07-tournaments.spec.ts">
<skipped>
</skipped>
</testcase>
</testsuite>
<testsuite name="08-payment.spec.ts" timestamp="2026-08-16T19:52:10.112Z" hostname="Edge" tests="4" failures="0" skipped="4" time="0" errors="0">
<testcase name="Section 11: Payment › ✓ Payment Success" classname="08-payment.spec.ts">
<skipped>
</skipped>
</testcase>
<testcase name="Section 11: Payment › ✓ Payment Failure" classname="08-payment.spec.ts">
<skipped>
</skipped>
</testcase>
<testcase name="Section 11: Payment › ✓ Cancel Payment" classname="08-payment.spec.ts">
<skipped>
</skipped>
</testcase>
<testcase name="Section 11: Payment › ✓ Receipt Generated" classname="08-payment.spec.ts">
<skipped>
</skipped>
</testcase>
</testsuite>
<testsuite name="09-responsive.spec.ts" timestamp="2026-08-16T19:52:10.112Z" hostname="Edge" tests="5" failures="0" skipped="5" time="0" errors="0">
<testcase name="Section 12: Responsive Testing › ✓ Responsive Layout sanity check on /" classname="09-responsive.spec.ts">
<skipped>
</skipped>
</testcase>
<testcase name="Section 12: Responsive Testing › ✓ Responsive Layout sanity check on /book-demo" classname="09-responsive.spec.ts">
<skipped>
</skipped>
</testcase>
<testcase name="Section 12: Responsive Testing › ✓ Responsive Layout sanity check on /login" classname="09-responsive.spec.ts">
<skipped>
</skipped>
</testcase>
<testcase name="Section 12: Responsive Testing › ✓ Responsive Layout sanity check on /programs" classname="09-responsive.spec.ts">
<skipped>
</skipped>
</testcase>
<testcase name="Section 12: Responsive Testing › ✓ Responsive Layout sanity check on /about" classname="09-responsive.spec.ts">
<skipped>
</skipped>
</testcase>
</testsuite>
<testsuite name="10-visual.spec.ts" timestamp="2026-08-16T19:52:10.112Z" hostname="Edge" tests="4" failures="0" skipped="4" time="0" errors="0">
<testcase name="Section 13: Visual Testing › ✓ Home Page Baseline Snapshot" classname="10-visual.spec.ts">
<skipped>
</skipped>
</testcase>
<testcase name="Section 13: Visual Testing › ✓ Book Demo Page Baseline Snapshot" classname="10-visual.spec.ts">
<skipped>
</skipped>
</testcase>
<testcase name="Section 13: Visual Testing › ✓ Login Page Baseline Snapshot" classname="10-visual.spec.ts">
<skipped>
</skipped>
</testcase>
<testcase name="Section 13: Visual Testing › ✓ Detect UI Health (Broken Images, Overflows)" classname="10-visual.spec.ts">
<skipped>
</skipped>
</testcase>
</testsuite>
<testsuite name="11-performance.spec.ts" timestamp="2026-08-16T19:52:10.112Z" hostname="Edge" tests="4" failures="0" skipped="4" time="0" errors="0">
<testcase name="Section 14: Performance SLA Tests › ✓ Measure metrics and assert &lt; 3s SLA on /" classname="11-performance.spec.ts">
<skipped>
</skipped>
</testcase>
<testcase name="Section 14: Performance SLA Tests › ✓ Measure metrics and assert &lt; 3s SLA on /book-demo" classname="11-performance.spec.ts">
<skipped>
</skipped>
</testcase>
<testcase name="Section 14: Performance SLA Tests › ✓ Measure metrics and assert &lt; 3s SLA on /login" classname="11-performance.spec.ts">
<skipped>
</skipped>
</testcase>
<testcase name="Section 14: Performance SLA Tests › ✓ Measure metrics and assert &lt; 3s SLA on /programs" classname="11-performance.spec.ts">
<skipped>
</skipped>
</testcase>
</testsuite>
<testsuite name="12-accessibility.spec.ts" timestamp="2026-08-16T19:52:10.112Z" hostname="Edge" tests="5" failures="0" skipped="5" time="0" errors="0">
<testcase name="Section 15: Accessibility Audits (WCAG 2.1 AA) › ✓ ARIA Labels &amp; Color Contrast Audit (Home Page)" classname="12-accessibility.spec.ts">
<skipped>
</skipped>
</testcase>
<testcase name="Section 15: Accessibility Audits (WCAG 2.1 AA) › ✓ ARIA Labels &amp; Color Contrast Audit (Book Demo)" classname="12-accessibility.spec.ts">
<skipped>
</skipped>
</testcase>
<testcase name="Section 15: Accessibility Audits (WCAG 2.1 AA) › ✓ Heading Order Verification" classname="12-accessibility.spec.ts">
<skipped>
</skipped>
</testcase>
<testcase name="Section 15: Accessibility Audits (WCAG 2.1 AA) › ✓ Image Alt Text Verification" classname="12-accessibility.spec.ts">
<skipped>
</skipped>
</testcase>
<testcase name="Section 15: Accessibility Audits (WCAG 2.1 AA) › ✓ Keyboard Navigation Audit" classname="12-accessibility.spec.ts">
<skipped>
</skipped>
</testcase>
</testsuite>
<testsuite name="13-seo.spec.ts" timestamp="2026-08-16T19:52:10.112Z" hostname="Edge" tests="6" failures="0" skipped="6" time="0" errors="0">
<testcase name="Section 16: SEO Audits › ✓ Meta Title &amp; Meta Description" classname="13-seo.spec.ts">
<skipped>
</skipped>
</testcase>
<testcase name="Section 16: SEO Audits › ✓ Canonical URL" classname="13-seo.spec.ts">
<skipped>
</skipped>
</testcase>
<testcase name="Section 16: SEO Audits › ✓ OpenGraph Tags" classname="13-seo.spec.ts">
<skipped>
</skipped>
</testcase>
<testcase name="Section 16: SEO Audits › ✓ Twitter Tags" classname="13-seo.spec.ts">
<skipped>
</skipped>
</testcase>
<testcase name="Section 16: SEO Audits › ✓ robots.txt Accessible" classname="13-seo.spec.ts">
<skipped>
</skipped>
</testcase>
<testcase name="Section 16: SEO Audits › ✓ sitemap.xml Accessible" classname="13-seo.spec.ts">
<skipped>
</skipped>
</testcase>
</testsuite>
<testsuite name="14-security.spec.ts" timestamp="2026-08-16T19:52:10.112Z" hostname="Edge" tests="4" failures="0" skipped="4" time="0" errors="0">
<testcase name="Section 17: Security Audits › ✓ Protected Routes Redirect Unauthenticated Users" classname="14-security.spec.ts">
<skipped>
</skipped>
</testcase>
<testcase name="Section 17: Security Audits › ✓ Unauthorized Role Access Blocked (Student accessing Admin)" classname="14-security.spec.ts">
<skipped>
</skipped>
</testcase>
<testcase name="Section 17: Security Audits › ✓ XSS Prevention in Form Inputs" classname="14-security.spec.ts">
<skipped>
</skipped>
</testcase>
<testcase name="Section 17: Security Audits › ✓ Security Headers Verification" classname="14-security.spec.ts">
<skipped>
</skipped>
</testcase>
</testsuite>
<testsuite name="15-classroom-board-editor.spec.ts" timestamp="2026-08-16T19:52:10.112Z" hostname="Edge" tests="1" failures="0" skipped="1" time="0" errors="0">
<testcase name="Section 15: Classroom Board Editor, Free Moves, and Move Notations › ✓ Coach Classroom - Board Editor, Free Move, and Notation Full Working Check" classname="15-classroom-board-editor.spec.ts">
<skipped>
</skipped>
</testcase>
</testsuite>
<testsuite name="01-login.spec.ts" timestamp="2026-08-16T19:52:10.112Z" hostname="iPhone" tests="7" failures="0" skipped="7" time="0" errors="0">
<testcase name="Section 4: Login Tests › ✓ Admin Login" classname="01-login.spec.ts">
<skipped>
</skipped>
</testcase>
<testcase name="Section 4: Login Tests › ✓ Coach Login" classname="01-login.spec.ts">
<skipped>
</skipped>
</testcase>
<testcase name="Section 4: Login Tests › ✓ Student Login" classname="01-login.spec.ts">
<skipped>
</skipped>
</testcase>
<testcase name="Section 4: Login Tests › ✓ Invalid Password" classname="01-login.spec.ts">
<skipped>
</skipped>
</testcase>
<testcase name="Section 4: Login Tests › ✓ Empty Fields" classname="01-login.spec.ts">
<skipped>
</skipped>
</testcase>
<testcase name="Section 4: Login Tests › ✓ Logout" classname="01-login.spec.ts">
<skipped>
</skipped>
</testcase>
<testcase name="Section 4: Login Tests › ✓ Session Expiry / Protected Route Redirect" classname="01-login.spec.ts">
<skipped>
</skipped>
</testcase>
</testsuite>
<testsuite name="02-book-demo.spec.ts" timestamp="2026-08-16T19:52:10.112Z" hostname="iPhone" tests="6" failures="0" skipped="6" time="0" errors="0">
<testcase name="Section 5: Book Demo Tests › ✓ Form Opens" classname="02-book-demo.spec.ts">
<skipped>
</skipped>
</testcase>
<testcase name="Section 5: Book Demo Tests › ✓ Validation Works &amp; Required Fields" classname="02-book-demo.spec.ts">
<skipped>
</skipped>
</testcase>
<testcase name="Section 5: Book Demo Tests › ✓ Email Validation" classname="02-book-demo.spec.ts">
<skipped>
</skipped>
</testcase>
<testcase name="Section 5: Book Demo Tests › ✓ Mobile Number Validation" classname="02-book-demo.spec.ts">
<skipped>
</skipped>
</testcase>
<testcase name="Section 5: Book Demo Tests › ✓ Success Message &amp; Database Entry Created" classname="02-book-demo.spec.ts">
<skipped>
</skipped>
</testcase>
<testcase name="Section 5: Book Demo Tests › ✓ Duplicate Submission Prevention" classname="02-book-demo.spec.ts">
<skipped>
</skipped>
</testcase>
</testsuite>
<testsuite name="03-student-dashboard.spec.ts" timestamp="2026-08-16T19:52:10.112Z" hostname="iPhone" tests="6" failures="0" skipped="6" time="0" errors="0">
<testcase name="Section 6: Student Dashboard › ✓ Homework List" classname="03-student-dashboard.spec.ts">
<skipped>
</skipped>
</testcase>
<testcase name="Section 6: Student Dashboard › ✓ Puzzle Progress" classname="03-student-dashboard.spec.ts">
<skipped>
</skipped>
</testcase>
<testcase name="Section 6: Student Dashboard › ✓ Attendance" classname="03-student-dashboard.spec.ts">
<skipped>
</skipped>
</testcase>
<testcase name="Section 6: Student Dashboard › ✓ Class Schedule" classname="03-student-dashboard.spec.ts">
<skipped>
</skipped>
</testcase>
<testcase name="Section 6: Student Dashboard › ✓ Certificates" classname="03-student-dashboard.spec.ts">
<skipped>
</skipped>
</testcase>
<testcase name="Section 6: Student Dashboard › ✓ Notifications" classname="03-student-dashboard.spec.ts">
<skipped>
</skipped>
</testcase>
</testsuite>
<testsuite name="04-coach-dashboard.spec.ts" timestamp="2026-08-16T19:52:10.112Z" hostname="iPhone" tests="5" failures="0" skipped="5" time="0" errors="0">
<testcase name="Section 7: Coach Dashboard › ✓ Student List" classname="04-coach-dashboard.spec.ts">
<skipped>
</skipped>
</testcase>
<testcase name="Section 7: Coach Dashboard › ✓ Homework Creation" classname="04-coach-dashboard.spec.ts">
<skipped>
</skipped>
</testcase>
<testcase name="Section 7: Coach Dashboard › ✓ Attendance Marking" classname="04-coach-dashboard.spec.ts">
<skipped>
</skipped>
</testcase>
<testcase name="Section 7: Coach Dashboard › ✓ Puzzle Assignment" classname="04-coach-dashboard.spec.ts">
<skipped>
</skipped>
</testcase>
<testcase name="Section 7: Coach Dashboard › ✓ Feedback Submission" classname="04-coach-dashboard.spec.ts">
<skipped>
</skipped>
</testcase>
</testsuite>
<testsuite name="05-admin-dashboard.spec.ts" timestamp="2026-08-16T19:52:10.112Z" hostname="iPhone" tests="7" failures="0" skipped="7" time="0" errors="0">
<testcase name="Section 8: Admin Dashboard › ✓ Dashboard Loads" classname="05-admin-dashboard.spec.ts">
<skipped>
</skipped>
</testcase>
<testcase name="Section 8: Admin Dashboard › ✓ Create Student" classname="05-admin-dashboard.spec.ts">
<skipped>
</skipped>
</testcase>
<testcase name="Section 8: Admin Dashboard › ✓ Edit Student" classname="05-admin-dashboard.spec.ts">
<skipped>
</skipped>
</testcase>
<testcase name="Section 8: Admin Dashboard › ✓ Delete Student" classname="05-admin-dashboard.spec.ts">
<skipped>
</skipped>
</testcase>
<testcase name="Section 8: Admin Dashboard › ✓ Create Coach" classname="05-admin-dashboard.spec.ts">
<skipped>
</skipped>
</testcase>
<testcase name="Section 8: Admin Dashboard › ✓ Analytics" classname="05-admin-dashboard.spec.ts">
<skipped>
</skipped>
</testcase>
<testcase name="Section 8: Admin Dashboard › ✓ Reports" classname="05-admin-dashboard.spec.ts">
<skipped>
</skipped>
</testcase>
</testsuite>
<testsuite name="06-chess-features.spec.ts" timestamp="2026-08-16T19:52:10.112Z" hostname="iPhone" tests="9" failures="0" skipped="9" time="0" errors="0">
<testcase name="Section 9: Chess Features › ✓ Chessboard Loads" classname="06-chess-features.spec.ts">
<skipped>
</skipped>
</testcase>
<testcase name="Section 9: Chess Features › ✓ Pieces Move &amp; Legal Moves" classname="06-chess-features.spec.ts">
<skipped>
</skipped>
</testcase>
<testcase name="Section 9: Chess Features › ✓ Timer Works" classname="06-chess-features.spec.ts">
<skipped>
</skipped>
</testcase>
<testcase name="Section 9: Chess Features › ✓ Board Flip" classname="06-chess-features.spec.ts">
<skipped>
</skipped>
</testcase>
<testcase name="Section 9: Chess Features › ✓ PGN Import" classname="06-chess-features.spec.ts">
<skipped>
</skipped>
</testcase>
<testcase name="Section 9: Chess Features › ✓ FEN Import" classname="06-chess-features.spec.ts">
<skipped>
</skipped>
</testcase>
<testcase name="Section 9: Chess Features › ✓ Puzzle Hint" classname="06-chess-features.spec.ts">
<skipped>
</skipped>
</testcase>
<testcase name="Section 9: Chess Features › ✓ Puzzle Solution" classname="06-chess-features.spec.ts">
<skipped>
</skipped>
</testcase>
<testcase name="Section 9: Chess Features › ✓ Analysis Board" classname="06-chess-features.spec.ts">
<skipped>
</skipped>
</testcase>
</testsuite>
<testsuite name="07-tournaments.spec.ts" timestamp="2026-08-16T19:52:10.112Z" hostname="iPhone" tests="6" failures="0" skipped="6" time="0" errors="0">
<testcase name="Section 10: Tournaments › ✓ Join Tournament" classname="07-tournaments.spec.ts">
<skipped>
</skipped>
</testcase>
<testcase name="Section 10: Tournaments › ✓ Leave Tournament" classname="07-tournaments.spec.ts">
<skipped>
</skipped>
</testcase>
<testcase name="Section 10: Tournaments › ✓ Countdown Timer" classname="07-tournaments.spec.ts">
<skipped>
</skipped>
</testcase>
<testcase name="Section 10: Tournaments › ✓ Pairings" classname="07-tournaments.spec.ts">
<skipped>
</skipped>
</testcase>
<testcase name="Section 10: Tournaments › ✓ Results" classname="07-tournaments.spec.ts">
<skipped>
</skipped>
</testcase>
<testcase name="Section 10: Tournaments › ✓ Standings" classname="07-tournaments.spec.ts">
<skipped>
</skipped>
</testcase>
</testsuite>
<testsuite name="08-payment.spec.ts" timestamp="2026-08-16T19:52:10.112Z" hostname="iPhone" tests="4" failures="0" skipped="4" time="0" errors="0">
<testcase name="Section 11: Payment › ✓ Payment Success" classname="08-payment.spec.ts">
<skipped>
</skipped>
</testcase>
<testcase name="Section 11: Payment › ✓ Payment Failure" classname="08-payment.spec.ts">
<skipped>
</skipped>
</testcase>
<testcase name="Section 11: Payment › ✓ Cancel Payment" classname="08-payment.spec.ts">
<skipped>
</skipped>
</testcase>
<testcase name="Section 11: Payment › ✓ Receipt Generated" classname="08-payment.spec.ts">
<skipped>
</skipped>
</testcase>
</testsuite>
<testsuite name="09-responsive.spec.ts" timestamp="2026-08-16T19:52:10.112Z" hostname="iPhone" tests="5" failures="0" skipped="5" time="0" errors="0">
<testcase name="Section 12: Responsive Testing › ✓ Responsive Layout sanity check on /" classname="09-responsive.spec.ts">
<skipped>
</skipped>
</testcase>
<testcase name="Section 12: Responsive Testing › ✓ Responsive Layout sanity check on /book-demo" classname="09-responsive.spec.ts">
<skipped>
</skipped>
</testcase>
<testcase name="Section 12: Responsive Testing › ✓ Responsive Layout sanity check on /login" classname="09-responsive.spec.ts">
<skipped>
</skipped>
</testcase>
<testcase name="Section 12: Responsive Testing › ✓ Responsive Layout sanity check on /programs" classname="09-responsive.spec.ts">
<skipped>
</skipped>
</testcase>
<testcase name="Section 12: Responsive Testing › ✓ Responsive Layout sanity check on /about" classname="09-responsive.spec.ts">
<skipped>
</skipped>
</testcase>
</testsuite>
<testsuite name="10-visual.spec.ts" timestamp="2026-08-16T19:52:10.112Z" hostname="iPhone" tests="4" failures="0" skipped="4" time="0" errors="0">
<testcase name="Section 13: Visual Testing › ✓ Home Page Baseline Snapshot" classname="10-visual.spec.ts">
<skipped>
</skipped>
</testcase>
<testcase name="Section 13: Visual Testing › ✓ Book Demo Page Baseline Snapshot" classname="10-visual.spec.ts">
<skipped>
</skipped>
</testcase>
<testcase name="Section 13: Visual Testing › ✓ Login Page Baseline Snapshot" classname="10-visual.spec.ts">
<skipped>
</skipped>
</testcase>
<testcase name="Section 13: Visual Testing › ✓ Detect UI Health (Broken Images, Overflows)" classname="10-visual.spec.ts">
<skipped>
</skipped>
</testcase>
</testsuite>
<testsuite name="11-performance.spec.ts" timestamp="2026-08-16T19:52:10.112Z" hostname="iPhone" tests="4" failures="0" skipped="4" time="0" errors="0">
<testcase name="Section 14: Performance SLA Tests › ✓ Measure metrics and assert &lt; 3s SLA on /" classname="11-performance.spec.ts">
<skipped>
</skipped>
</testcase>
<testcase name="Section 14: Performance SLA Tests › ✓ Measure metrics and assert &lt; 3s SLA on /book-demo" classname="11-performance.spec.ts">
<skipped>
</skipped>
</testcase>
<testcase name="Section 14: Performance SLA Tests › ✓ Measure metrics and assert &lt; 3s SLA on /login" classname="11-performance.spec.ts">
<skipped>
</skipped>
</testcase>
<testcase name="Section 14: Performance SLA Tests › ✓ Measure metrics and assert &lt; 3s SLA on /programs" classname="11-performance.spec.ts">
<skipped>
</skipped>
</testcase>
</testsuite>
<testsuite name="12-accessibility.spec.ts" timestamp="2026-08-16T19:52:10.112Z" hostname="iPhone" tests="5" failures="0" skipped="5" time="0" errors="0">
<testcase name="Section 15: Accessibility Audits (WCAG 2.1 AA) › ✓ ARIA Labels &amp; Color Contrast Audit (Home Page)" classname="12-accessibility.spec.ts">
<skipped>
</skipped>
</testcase>
<testcase name="Section 15: Accessibility Audits (WCAG 2.1 AA) › ✓ ARIA Labels &amp; Color Contrast Audit (Book Demo)" classname="12-accessibility.spec.ts">
<skipped>
</skipped>
</testcase>
<testcase name="Section 15: Accessibility Audits (WCAG 2.1 AA) › ✓ Heading Order Verification" classname="12-accessibility.spec.ts">
<skipped>
</skipped>
</testcase>
<testcase name="Section 15: Accessibility Audits (WCAG 2.1 AA) › ✓ Image Alt Text Verification" classname="12-accessibility.spec.ts">
<skipped>
</skipped>
</testcase>
<testcase name="Section 15: Accessibility Audits (WCAG 2.1 AA) › ✓ Keyboard Navigation Audit" classname="12-accessibility.spec.ts">
<skipped>
</skipped>
</testcase>
</testsuite>
<testsuite name="13-seo.spec.ts" timestamp="2026-08-16T19:52:10.112Z" hostname="iPhone" tests="6" failures="0" skipped="6" time="0" errors="0">
<testcase name="Section 16: SEO Audits › ✓ Meta Title &amp; Meta Description" classname="13-seo.spec.ts">
<skipped>
</skipped>
</testcase>
<testcase name="Section 16: SEO Audits › ✓ Canonical URL" classname="13-seo.spec.ts">
<skipped>
</skipped>
</testcase>
<testcase name="Section 16: SEO Audits › ✓ OpenGraph Tags" classname="13-seo.spec.ts">
<skipped>
</skipped>
</testcase>
<testcase name="Section 16: SEO Audits › ✓ Twitter Tags" classname="13-seo.spec.ts">
<skipped>
</skipped>
</testcase>
<testcase name="Section 16: SEO Audits › ✓ robots.txt Accessible" classname="13-seo.spec.ts">
<skipped>
</skipped>
</testcase>
<testcase name="Section 16: SEO Audits › ✓ sitemap.xml Accessible" classname="13-seo.spec.ts">
<skipped>
</skipped>
</testcase>
</testsuite>
<testsuite name="14-security.spec.ts" timestamp="2026-08-16T19:52:10.112Z" hostname="iPhone" tests="4" failures="0" skipped="4" time="0" errors="0">
<testcase name="Section 17: Security Audits › ✓ Protected Routes Redirect Unauthenticated Users" classname="14-security.spec.ts">
<skipped>
</skipped>
</testcase>
<testcase name="Section 17: Security Audits › ✓ Unauthorized Role Access Blocked (Student accessing Admin)" classname="14-security.spec.ts">
<skipped>
</skipped>
</testcase>
<testcase name="Section 17: Security Audits › ✓ XSS Prevention in Form Inputs" classname="14-security.spec.ts">
<skipped>
</skipped>
</testcase>
<testcase name="Section 17: Security Audits › ✓ Security Headers Verification" classname="14-security.spec.ts">
<skipped>
</skipped>
</testcase>
</testsuite>
<testsuite name="15-classroom-board-editor.spec.ts" timestamp="2026-08-16T19:52:10.112Z" hostname="iPhone" tests="1" failures="0" skipped="1" time="0" errors="0">
<testcase name="Section 15: Classroom Board Editor, Free Moves, and Move Notations › ✓ Coach Classroom - Board Editor, Free Move, and Notation Full Working Check" classname="15-classroom-board-editor.spec.ts">
<skipped>
</skipped>
</testcase>
</testsuite>
<testsuite name="01-login.spec.ts" timestamp="2026-08-16T19:52:10.112Z" hostname="Pixel" tests="7" failures="0" skipped="7" time="0" errors="0">
<testcase name="Section 4: Login Tests › ✓ Admin Login" classname="01-login.spec.ts">
<skipped>
</skipped>
</testcase>
<testcase name="Section 4: Login Tests › ✓ Coach Login" classname="01-login.spec.ts">
<skipped>
</skipped>
</testcase>
<testcase name="Section 4: Login Tests › ✓ Student Login" classname="01-login.spec.ts">
<skipped>
</skipped>
</testcase>
<testcase name="Section 4: Login Tests › ✓ Invalid Password" classname="01-login.spec.ts">
<skipped>
</skipped>
</testcase>
<testcase name="Section 4: Login Tests › ✓ Empty Fields" classname="01-login.spec.ts">
<skipped>
</skipped>
</testcase>
<testcase name="Section 4: Login Tests › ✓ Logout" classname="01-login.spec.ts">
<skipped>
</skipped>
</testcase>
<testcase name="Section 4: Login Tests › ✓ Session Expiry / Protected Route Redirect" classname="01-login.spec.ts">
<skipped>
</skipped>
</testcase>
</testsuite>
<testsuite name="02-book-demo.spec.ts" timestamp="2026-08-16T19:52:10.112Z" hostname="Pixel" tests="6" failures="0" skipped="6" time="0" errors="0">
<testcase name="Section 5: Book Demo Tests › ✓ Form Opens" classname="02-book-demo.spec.ts">
<skipped>
</skipped>
</testcase>
<testcase name="Section 5: Book Demo Tests › ✓ Validation Works &amp; Required Fields" classname="02-book-demo.spec.ts">
<skipped>
</skipped>
</testcase>
<testcase name="Section 5: Book Demo Tests › ✓ Email Validation" classname="02-book-demo.spec.ts">
<skipped>
</skipped>
</testcase>
<testcase name="Section 5: Book Demo Tests › ✓ Mobile Number Validation" classname="02-book-demo.spec.ts">
<skipped>
</skipped>
</testcase>
<testcase name="Section 5: Book Demo Tests › ✓ Success Message &amp; Database Entry Created" classname="02-book-demo.spec.ts">
<skipped>
</skipped>
</testcase>
<testcase name="Section 5: Book Demo Tests › ✓ Duplicate Submission Prevention" classname="02-book-demo.spec.ts">
<skipped>
</skipped>
</testcase>
</testsuite>
<testsuite name="03-student-dashboard.spec.ts" timestamp="2026-08-16T19:52:10.112Z" hostname="Pixel" tests="6" failures="0" skipped="6" time="0" errors="0">
<testcase name="Section 6: Student Dashboard › ✓ Homework List" classname="03-student-dashboard.spec.ts">
<skipped>
</skipped>
</testcase>
<testcase name="Section 6: Student Dashboard › ✓ Puzzle Progress" classname="03-student-dashboard.spec.ts">
<skipped>
</skipped>
</testcase>
<testcase name="Section 6: Student Dashboard › ✓ Attendance" classname="03-student-dashboard.spec.ts">
<skipped>
</skipped>
</testcase>
<testcase name="Section 6: Student Dashboard › ✓ Class Schedule" classname="03-student-dashboard.spec.ts">
<skipped>
</skipped>
</testcase>
<testcase name="Section 6: Student Dashboard › ✓ Certificates" classname="03-student-dashboard.spec.ts">
<skipped>
</skipped>
</testcase>
<testcase name="Section 6: Student Dashboard › ✓ Notifications" classname="03-student-dashboard.spec.ts">
<skipped>
</skipped>
</testcase>
</testsuite>
<testsuite name="04-coach-dashboard.spec.ts" timestamp="2026-08-16T19:52:10.112Z" hostname="Pixel" tests="5" failures="0" skipped="5" time="0" errors="0">
<testcase name="Section 7: Coach Dashboard › ✓ Student List" classname="04-coach-dashboard.spec.ts">
<skipped>
</skipped>
</testcase>
<testcase name="Section 7: Coach Dashboard › ✓ Homework Creation" classname="04-coach-dashboard.spec.ts">
<skipped>
</skipped>
</testcase>
<testcase name="Section 7: Coach Dashboard › ✓ Attendance Marking" classname="04-coach-dashboard.spec.ts">
<skipped>
</skipped>
</testcase>
<testcase name="Section 7: Coach Dashboard › ✓ Puzzle Assignment" classname="04-coach-dashboard.spec.ts">
<skipped>
</skipped>
</testcase>
<testcase name="Section 7: Coach Dashboard › ✓ Feedback Submission" classname="04-coach-dashboard.spec.ts">
<skipped>
</skipped>
</testcase>
</testsuite>
<testsuite name="05-admin-dashboard.spec.ts" timestamp="2026-08-16T19:52:10.112Z" hostname="Pixel" tests="7" failures="0" skipped="7" time="0" errors="0">
<testcase name="Section 8: Admin Dashboard › ✓ Dashboard Loads" classname="05-admin-dashboard.spec.ts">
<skipped>
</skipped>
</testcase>
<testcase name="Section 8: Admin Dashboard › ✓ Create Student" classname="05-admin-dashboard.spec.ts">
<skipped>
</skipped>
</testcase>
<testcase name="Section 8: Admin Dashboard › ✓ Edit Student" classname="05-admin-dashboard.spec.ts">
<skipped>
</skipped>
</testcase>
<testcase name="Section 8: Admin Dashboard › ✓ Delete Student" classname="05-admin-dashboard.spec.ts">
<skipped>
</skipped>
</testcase>
<testcase name="Section 8: Admin Dashboard › ✓ Create Coach" classname="05-admin-dashboard.spec.ts">
<skipped>
</skipped>
</testcase>
<testcase name="Section 8: Admin Dashboard › ✓ Analytics" classname="05-admin-dashboard.spec.ts">
<skipped>
</skipped>
</testcase>
<testcase name="Section 8: Admin Dashboard › ✓ Reports" classname="05-admin-dashboard.spec.ts">
<skipped>
</skipped>
</testcase>
</testsuite>
<testsuite name="06-chess-features.spec.ts" timestamp="2026-08-16T19:52:10.112Z" hostname="Pixel" tests="9" failures="0" skipped="9" time="0" errors="0">
<testcase name="Section 9: Chess Features › ✓ Chessboard Loads" classname="06-chess-features.spec.ts">
<skipped>
</skipped>
</testcase>
<testcase name="Section 9: Chess Features › ✓ Pieces Move &amp; Legal Moves" classname="06-chess-features.spec.ts">
<skipped>
</skipped>
</testcase>
<testcase name="Section 9: Chess Features › ✓ Timer Works" classname="06-chess-features.spec.ts">
<skipped>
</skipped>
</testcase>
<testcase name="Section 9: Chess Features › ✓ Board Flip" classname="06-chess-features.spec.ts">
<skipped>
</skipped>
</testcase>
<testcase name="Section 9: Chess Features › ✓ PGN Import" classname="06-chess-features.spec.ts">
<skipped>
</skipped>
</testcase>
<testcase name="Section 9: Chess Features › ✓ FEN Import" classname="06-chess-features.spec.ts">
<skipped>
</skipped>
</testcase>
<testcase name="Section 9: Chess Features › ✓ Puzzle Hint" classname="06-chess-features.spec.ts">
<skipped>
</skipped>
</testcase>
<testcase name="Section 9: Chess Features › ✓ Puzzle Solution" classname="06-chess-features.spec.ts">
<skipped>
</skipped>
</testcase>
<testcase name="Section 9: Chess Features › ✓ Analysis Board" classname="06-chess-features.spec.ts">
<skipped>
</skipped>
</testcase>
</testsuite>
<testsuite name="07-tournaments.spec.ts" timestamp="2026-08-16T19:52:10.112Z" hostname="Pixel" tests="6" failures="0" skipped="6" time="0" errors="0">
<testcase name="Section 10: Tournaments › ✓ Join Tournament" classname="07-tournaments.spec.ts">
<skipped>
</skipped>
</testcase>
<testcase name="Section 10: Tournaments › ✓ Leave Tournament" classname="07-tournaments.spec.ts">
<skipped>
</skipped>
</testcase>
<testcase name="Section 10: Tournaments › ✓ Countdown Timer" classname="07-tournaments.spec.ts">
<skipped>
</skipped>
</testcase>
<testcase name="Section 10: Tournaments › ✓ Pairings" classname="07-tournaments.spec.ts">
<skipped>
</skipped>
</testcase>
<testcase name="Section 10: Tournaments › ✓ Results" classname="07-tournaments.spec.ts">
<skipped>
</skipped>
</testcase>
<testcase name="Section 10: Tournaments › ✓ Standings" classname="07-tournaments.spec.ts">
<skipped>
</skipped>
</testcase>
</testsuite>
<testsuite name="08-payment.spec.ts" timestamp="2026-08-16T19:52:10.112Z" hostname="Pixel" tests="4" failures="0" skipped="4" time="0" errors="0">
<testcase name="Section 11: Payment › ✓ Payment Success" classname="08-payment.spec.ts">
<skipped>
</skipped>
</testcase>
<testcase name="Section 11: Payment › ✓ Payment Failure" classname="08-payment.spec.ts">
<skipped>
</skipped>
</testcase>
<testcase name="Section 11: Payment › ✓ Cancel Payment" classname="08-payment.spec.ts">
<skipped>
</skipped>
</testcase>
<testcase name="Section 11: Payment › ✓ Receipt Generated" classname="08-payment.spec.ts">
<skipped>
</skipped>
</testcase>
</testsuite>
<testsuite name="09-responsive.spec.ts" timestamp="2026-08-16T19:52:10.112Z" hostname="Pixel" tests="5" failures="0" skipped="5" time="0" errors="0">
<testcase name="Section 12: Responsive Testing › ✓ Responsive Layout sanity check on /" classname="09-responsive.spec.ts">
<skipped>
</skipped>
</testcase>
<testcase name="Section 12: Responsive Testing › ✓ Responsive Layout sanity check on /book-demo" classname="09-responsive.spec.ts">
<skipped>
</skipped>
</testcase>
<testcase name="Section 12: Responsive Testing › ✓ Responsive Layout sanity check on /login" classname="09-responsive.spec.ts">
<skipped>
</skipped>
</testcase>
<testcase name="Section 12: Responsive Testing › ✓ Responsive Layout sanity check on /programs" classname="09-responsive.spec.ts">
<skipped>
</skipped>
</testcase>
<testcase name="Section 12: Responsive Testing › ✓ Responsive Layout sanity check on /about" classname="09-responsive.spec.ts">
<skipped>
</skipped>
</testcase>
</testsuite>
<testsuite name="10-visual.spec.ts" timestamp="2026-08-16T19:52:10.112Z" hostname="Pixel" tests="4" failures="0" skipped="4" time="0" errors="0">
<testcase name="Section 13: Visual Testing › ✓ Home Page Baseline Snapshot" classname="10-visual.spec.ts">
<skipped>
</skipped>
</testcase>
<testcase name="Section 13: Visual Testing › ✓ Book Demo Page Baseline Snapshot" classname="10-visual.spec.ts">
<skipped>
</skipped>
</testcase>
<testcase name="Section 13: Visual Testing › ✓ Login Page Baseline Snapshot" classname="10-visual.spec.ts">
<skipped>
</skipped>
</testcase>
<testcase name="Section 13: Visual Testing › ✓ Detect UI Health (Broken Images, Overflows)" classname="10-visual.spec.ts">
<skipped>
</skipped>
</testcase>
</testsuite>
<testsuite name="11-performance.spec.ts" timestamp="2026-08-16T19:52:10.112Z" hostname="Pixel" tests="4" failures="0" skipped="4" time="0" errors="0">
<testcase name="Section 14: Performance SLA Tests › ✓ Measure metrics and assert &lt; 3s SLA on /" classname="11-performance.spec.ts">
<skipped>
</skipped>
</testcase>
<testcase name="Section 14: Performance SLA Tests › ✓ Measure metrics and assert &lt; 3s SLA on /book-demo" classname="11-performance.spec.ts">
<skipped>
</skipped>
</testcase>
<testcase name="Section 14: Performance SLA Tests › ✓ Measure metrics and assert &lt; 3s SLA on /login" classname="11-performance.spec.ts">
<skipped>
</skipped>
</testcase>
<testcase name="Section 14: Performance SLA Tests › ✓ Measure metrics and assert &lt; 3s SLA on /programs" classname="11-performance.spec.ts">
<skipped>
</skipped>
</testcase>
</testsuite>
<testsuite name="12-accessibility.spec.ts" timestamp="2026-08-16T19:52:10.112Z" hostname="Pixel" tests="5" failures="0" skipped="5" time="0" errors="0">
<testcase name="Section 15: Accessibility Audits (WCAG 2.1 AA) › ✓ ARIA Labels &amp; Color Contrast Audit (Home Page)" classname="12-accessibility.spec.ts">
<skipped>
</skipped>
</testcase>
<testcase name="Section 15: Accessibility Audits (WCAG 2.1 AA) › ✓ ARIA Labels &amp; Color Contrast Audit (Book Demo)" classname="12-accessibility.spec.ts">
<skipped>
[...]
<testcase name="Section 11: Payment › ✓ Payment Success" classname="08-payment.spec.ts">
<skipped>
</skipped>
</testcase>
<testcase name="Section 11: Payment › ✓ Payment Failure" classname="08-payment.spec.ts">
<skipped>
</skipped>
</testcase>
<testcase name="Section 11: Payment › ✓ Cancel Payment" classname="08-payment.spec.ts">
<skipped>
</skipped>
</testcase>
<testcase name="Section 11: Payment › ✓ Receipt Generated" classname="08-payment.spec.ts">
<skipped>
</skipped>
</testcase>
</testsuite>
<testsuite name="09-responsive.spec.ts" timestamp="2026-08-16T19:52:10.112Z" hostname="Samsung" tests="5" failures="0" skipped="5" time="0" errors="0">
<testcase name="Section 12: Responsive Testing › ✓ Responsive Layout sanity check on /" classname="09-responsive.spec.ts">
<skipped>
</skipped>
</testcase>
<testcase name="Section 12: Responsive Testing › ✓ Responsive Layout sanity check on /book-demo" classname="09-responsive.spec.ts">
<skipped>
</skipped>
</testcase>
<testcase name="Section 12: Responsive Testing › ✓ Responsive Layout sanity check on /login" classname="09-responsive.spec.ts">
<skipped>
</skipped>
</testcase>
<testcase name="Section 12: Responsive Testing › ✓ Responsive Layout sanity check on /programs" classname="09-responsive.spec.ts">
<skipped>
</skipped>
</testcase>
<testcase name="Section 12: Responsive Testing › ✓ Responsive Layout sanity check on /about" classname="09-responsive.spec.ts">
<skipped>
</skipped>
</testcase>
</testsuite>
<testsuite name="10-visual.spec.ts" timestamp="2026-08-16T19:52:10.112Z" hostname="Samsung" tests="4" failures="0" skipped="4" time="0" errors="0">
<testcase name="Section 13: Visual Testing › ✓ Home Page Baseline Snapshot" classname="10-visual.spec.ts">
<skipped>
</skipped>
</testcase>
<testcase name="Section 13: Visual Testing › ✓ Book Demo Page Baseline Snapshot" classname="10-visual.spec.ts">
<skipped>
</skipped>
</testcase>
<testcase name="Section 13: Visual Testing › ✓ Login Page Baseline Snapshot" classname="10-visual.spec.ts">
<skipped>
</skipped>
</testcase>
<testcase name="Section 13: Visual Testing › ✓ Detect UI Health (Broken Images, Overflows)" classname="10-visual.spec.ts">
<skipped>
</skipped>
</testcase>
</testsuite>
<testsuite name="11-performance.spec.ts" timestamp="2026-08-16T19:52:10.112Z" hostname="Samsung" tests="4" failures="0" skipped="4" time="0" errors="0">
<testcase name="Section 14: Performance SLA Tests › ✓ Measure metrics and assert &lt; 3s SLA on /" classname="11-performance.spec.ts">
<skipped>
</skipped>
</testcase>
<testcase name="Section 14: Performance SLA Tests › ✓ Measure metrics and assert &lt; 3s SLA on /book-demo" classname="11-performance.spec.ts">
<skipped>
</skipped>
</testcase>
<testcase name="Section 14: Performance SLA Tests › ✓ Measure metrics and assert &lt; 3s SLA on /login" classname="11-performance.spec.ts">
<skipped>
</skipped>
</testcase>
<testcase name="Section 14: Performance SLA Tests › ✓ Measure metrics and assert &lt; 3s SLA on /programs" classname="11-performance.spec.ts">
<skipped>
</skipped>
</testcase>
</testsuite>
<testsuite name="12-accessibility.spec.ts" timestamp="2026-08-16T19:52:10.112Z" hostname="Samsung" tests="5" failures="0" skipped="5" time="0" errors="0">
<testcase name="Section 15: Accessibility Audits (WCAG 2.1 AA) › ✓ ARIA Labels &amp; Color Contrast Audit (Home Page)" classname="12-accessibility.spec.ts">
<skipped>
</skipped>
</testcase>
<testcase name="Section 15: Accessibility Audits (WCAG 2.1 AA) › ✓ ARIA Labels &amp; Color Contrast Audit (Book Demo)" classname="12-accessibility.spec.ts">
<skipped>
</skipped>
</testcase>
<testcase name="Section 15: Accessibility Audits (WCAG 2.1 AA) › ✓ Heading Order Verification" classname="12-accessibility.spec.ts">
<skipped>
</skipped>
</testcase>
<testcase name="Section 15: Accessibility Audits (WCAG 2.1 AA) › ✓ Image Alt Text Verification" classname="12-accessibility.spec.ts">
<skipped>
</skipped>
</testcase>
<testcase name="Section 15: Accessibility Audits (WCAG 2.1 AA) › ✓ Keyboard Navigation Audit" classname="12-accessibility.spec.ts">
<skipped>
</skipped>
</testcase>
</testsuite>
<testsuite name="13-seo.spec.ts" timestamp="2026-08-16T19:52:10.112Z" hostname="Samsung" tests="6" failures="0" skipped="6" time="0" errors="0">
<testcase name="Section 16: SEO Audits › ✓ Meta Title &amp; Meta Description" classname="13-seo.spec.ts">
<skipped>
</skipped>
</testcase>
<testcase name="Section 16: SEO Audits › ✓ Canonical URL" classname="13-seo.spec.ts">
<skipped>
</skipped>
</testcase>
<testcase name="Section 16: SEO Audits › ✓ OpenGraph Tags" classname="13-seo.spec.ts">
<skipped>
</skipped>
</testcase>
<testcase name="Section 16: SEO Audits › ✓ Twitter Tags" classname="13-seo.spec.ts">
<skipped>
</skipped>
</testcase>
<testcase name="Section 16: SEO Audits › ✓ robots.txt Accessible" classname="13-seo.spec.ts">
<skipped>
</skipped>
</testcase>
<testcase name="Section 16: SEO Audits › ✓ sitemap.xml Accessible" classname="13-seo.spec.ts">
<skipped>
</skipped>
</testcase>
</testsuite>
<testsuite name="14-security.spec.ts" timestamp="2026-08-16T19:52:10.112Z" hostname="Samsung" tests="4" failures="0" skipped="4" time="0" errors="0">
<testcase name="Section 17: Security Audits › ✓ Protected Routes Redirect Unauthenticated Users" classname="14-security.spec.ts">
<skipped>
</skipped>
</testcase>
<testcase name="Section 17: Security Audits › ✓ Unauthorized Role Access Blocked (Student accessing Admin)" classname="14-security.spec.ts">
<skipped>
</skipped>
</testcase>
<testcase name="Section 17: Security Audits › ✓ XSS Prevention in Form Inputs" classname="14-security.spec.ts">
<skipped>
</skipped>
</testcase>
<testcase name="Section 17: Security Audits › ✓ Security Headers Verification" classname="14-security.spec.ts">
<skipped>
</skipped>
</testcase>
</testsuite>
<testsuite name="15-classroom-board-editor.spec.ts" timestamp="2026-08-16T19:52:10.112Z" hostname="Samsung" tests="1" failures="0" skipped="1" time="0" errors="0">
<testcase name="Section 15: Classroom Board Editor, Free Moves, and Move Notations › ✓ Coach Classroom - Board Editor, Free Move, and Notation Full Working Check" classname="15-classroom-board-editor.spec.ts">
<skipped>
</skipped>
</testcase>
</testsuite>
<testsuite name="01-login.spec.ts" timestamp="2026-08-16T19:52:10.112Z" hostname="iPad" tests="7" failures="0" skipped="7" time="0" errors="0">
<testcase name="Section 4: Login Tests › ✓ Admin Login" classname="01-login.spec.ts">
<skipped>
</skipped>
</testcase>
<testcase name="Section 4: Login Tests › ✓ Coach Login" classname="01-login.spec.ts">
<skipped>
</skipped>
</testcase>
<testcase name="Section 4: Login Tests › ✓ Student Login" classname="01-login.spec.ts">
<skipped>
</skipped>
</testcase>
<testcase name="Section 4: Login Tests › ✓ Invalid Password" classname="01-login.spec.ts">
<skipped>
</skipped>
</testcase>
<testcase name="Section 4: Login Tests › ✓ Empty Fields" classname="01-login.spec.ts">
<skipped>
</skipped>
</testcase>
<testcase name="Section 4: Login Tests › ✓ Logout" classname="01-login.spec.ts">
<skipped>
</skipped>
</testcase>
<testcase name="Section 4: Login Tests › ✓ Session Expiry / Protected Route Redirect" classname="01-login.spec.ts">
<skipped>
</skipped>
</testcase>
</testsuite>
<testsuite name="02-book-demo.spec.ts" timestamp="2026-08-16T19:52:10.112Z" hostname="iPad" tests="6" failures="0" skipped="6" time="0" errors="0">
<testcase name="Section 5: Book Demo Tests › ✓ Form Opens" classname="02-book-demo.spec.ts">
<skipped>
</skipped>
</testcase>
<testcase name="Section 5: Book Demo Tests › ✓ Validation Works &amp; Required Fields" classname="02-book-demo.spec.ts">
<skipped>
</skipped>
</testcase>
<testcase name="Section 5: Book Demo Tests › ✓ Email Validation" classname="02-book-demo.spec.ts">
<skipped>
</skipped>
</testcase>
<testcase name="Section 5: Book Demo Tests › ✓ Mobile Number Validation" classname="02-book-demo.spec.ts">
<skipped>
</skipped>
</testcase>
<testcase name="Section 5: Book Demo Tests › ✓ Success Message &amp; Database Entry Created" classname="02-book-demo.spec.ts">
<skipped>
</skipped>
</testcase>
<testcase name="Section 5: Book Demo Tests › ✓ Duplicate Submission Prevention" classname="02-book-demo.spec.ts">
<skipped>
</skipped>
</testcase>
</testsuite>
<testsuite name="03-student-dashboard.spec.ts" timestamp="2026-08-16T19:52:10.112Z" hostname="iPad" tests="6" failures="0" skipped="6" time="0" errors="0">
<testcase name="Section 6: Student Dashboard › ✓ Homework List" classname="03-student-dashboard.spec.ts">
<skipped>
</skipped>
</testcase>
<testcase name="Section 6: Student Dashboard › ✓ Puzzle Progress" classname="03-student-dashboard.spec.ts">
<skipped>
</skipped>
</testcase>
<testcase name="Section 6: Student Dashboard › ✓ Attendance" classname="03-student-dashboard.spec.ts">
<skipped>
</skipped>
</testcase>
<testcase name="Section 6: Student Dashboard › ✓ Class Schedule" classname="03-student-dashboard.spec.ts">
<skipped>
</skipped>
</testcase>
<testcase name="Section 6: Student Dashboard › ✓ Certificates" classname="03-student-dashboard.spec.ts">
<skipped>
</skipped>
</testcase>
<testcase name="Section 6: Student Dashboard › ✓ Notifications" classname="03-student-dashboard.spec.ts">
<skipped>
</skipped>
</testcase>
</testsuite>
<testsuite name="04-coach-dashboard.spec.ts" timestamp="2026-08-16T19:52:10.112Z" hostname="iPad" tests="5" failures="0" skipped="5" time="0" errors="0">
<testcase name="Section 7: Coach Dashboard › ✓ Student List" classname="04-coach-dashboard.spec.ts">
<skipped>
</skipped>
</testcase>
<testcase name="Section 7: Coach Dashboard › ✓ Homework Creation" classname="04-coach-dashboard.spec.ts">
<skipped>
</skipped>
</testcase>
<testcase name="Section 7: Coach Dashboard › ✓ Attendance Marking" classname="04-coach-dashboard.spec.ts">
<skipped>
</skipped>
</testcase>
<testcase name="Section 7: Coach Dashboard › ✓ Puzzle Assignment" classname="04-coach-dashboard.spec.ts">
<skipped>
</skipped>
</testcase>
<testcase name="Section 7: Coach Dashboard › ✓ Feedback Submission" classname="04-coach-dashboard.spec.ts">
<skipped>
</skipped>
</testcase>
</testsuite>
<testsuite name="05-admin-dashboard.spec.ts" timestamp="2026-08-16T19:52:10.112Z" hostname="iPad" tests="7" failures="0" skipped="7" time="0" errors="0">
<testcase name="Section 8: Admin Dashboard › ✓ Dashboard Loads" classname="05-admin-dashboard.spec.ts">
<skipped>
</skipped>
</testcase>
<testcase name="Section 8: Admin Dashboard › ✓ Create Student" classname="05-admin-dashboard.spec.ts">
<skipped>
</skipped>
</testcase>
<testcase name="Section 8: Admin Dashboard › ✓ Edit Student" classname="05-admin-dashboard.spec.ts">
<skipped>
</skipped>
</testcase>
<testcase name="Section 8: Admin Dashboard › ✓ Delete Student" classname="05-admin-dashboard.spec.ts">
<skipped>
</skipped>
</testcase>
<testcase name="Section 8: Admin Dashboard › ✓ Create Coach" classname="05-admin-dashboard.spec.ts">
<skipped>
</skipped>
</testcase>
<testcase name="Section 8: Admin Dashboard › ✓ Analytics" classname="05-admin-dashboard.spec.ts">
<skipped>
</skipped>
</testcase>
<testcase name="Section 8: Admin Dashboard › ✓ Reports" classname="05-admin-dashboard.spec.ts">
<skipped>
</skipped>
</testcase>
</testsuite>
<testsuite name="06-chess-features.spec.ts" timestamp="2026-08-16T19:52:10.112Z" hostname="iPad" tests="9" failures="0" skipped="9" time="0" errors="0">
<testcase name="Section 9: Chess Features › ✓ Chessboard Loads" classname="06-chess-features.spec.ts">
<skipped>
</skipped>
</testcase>
<testcase name="Section 9: Chess Features › ✓ Pieces Move &amp; Legal Moves" classname="06-chess-features.spec.ts">
<skipped>
</skipped>
</testcase>
<testcase name="Section 9: Chess Features › ✓ Timer Works" classname="06-chess-features.spec.ts">
<skipped>
</skipped>
</testcase>
<testcase name="Section 9: Chess Features › ✓ Board Flip" classname="06-chess-features.spec.ts">
<skipped>
</skipped>
</testcase>
<testcase name="Section 9: Chess Features › ✓ PGN Import" classname="06-chess-features.spec.ts">
<skipped>
</skipped>
</testcase>
<testcase name="Section 9: Chess Features › ✓ FEN Import" classname="06-chess-features.spec.ts">
<skipped>
</skipped>
</testcase>
<testcase name="Section 9: Chess Features › ✓ Puzzle Hint" classname="06-chess-features.spec.ts">
<skipped>
</skipped>
</testcase>
<testcase name="Section 9: Chess Features › ✓ Puzzle Solution" classname="06-chess-features.spec.ts">
<skipped>
</skipped>
</testcase>
<testcase name="Section 9: Chess Features › ✓ Analysis Board" classname="06-chess-features.spec.ts">
<skipped>
</skipped>
</testcase>
</testsuite>
<testsuite name="07-tournaments.spec.ts" timestamp="2026-08-16T19:52:10.112Z" hostname="iPad" tests="6" failures="0" skipped="6" time="0" errors="0">
<testcase name="Section 10: Tournaments › ✓ Join Tournament" classname="07-tournaments.spec.ts">
<skipped>
</skipped>
</testcase>
<testcase name="Section 10: Tournaments › ✓ Leave Tournament" classname="07-tournaments.spec.ts">
<skipped>
</skipped>
</testcase>
<testcase name="Section 10: Tournaments › ✓ Countdown Timer" classname="07-tournaments.spec.ts">
<skipped>
</skipped>
</testcase>
<testcase name="Section 10: Tournaments › ✓ Pairings" classname="07-tournaments.spec.ts">
<skipped>
</skipped>
</testcase>
<testcase name="Section 10: Tournaments › ✓ Results" classname="07-tournaments.spec.ts">
<skipped>
</skipped>
</testcase>
<testcase name="Section 10: Tournaments › ✓ Standings" classname="07-tournaments.spec.ts">
<skipped>
</skipped>
</testcase>
</testsuite>
<testsuite name="08-payment.spec.ts" timestamp="2026-08-16T19:52:10.112Z" hostname="iPad" tests="4" failures="0" skipped="4" time="0" errors="0">
<testcase name="Section 11: Payment › ✓ Payment Success" classname="08-payment.spec.ts">
<skipped>
</skipped>
</testcase>
<testcase name="Section 11: Payment › ✓ Payment Failure" classname="08-payment.spec.ts">
<skipped>
</skipped>
</testcase>
<testcase name="Section 11: Payment › ✓ Cancel Payment" classname="08-payment.spec.ts">
<skipped>
</skipped>
</testcase>
<testcase name="Section 11: Payment › ✓ Receipt Generated" classname="08-payment.spec.ts">
<skipped>
</skipped>
</testcase>
</testsuite>
<testsuite name="09-responsive.spec.ts" timestamp="2026-08-16T19:52:10.112Z" hostname="iPad" tests="5" failures="0" skipped="5" time="0" errors="0">
<testcase name="Section 12: Responsive Testing › ✓ Responsive Layout sanity check on /" classname="09-responsive.spec.ts">
<skipped>
</skipped>
</testcase>
<testcase name="Section 12: Responsive Testing › ✓ Responsive Layout sanity check on /book-demo" classname="09-responsive.spec.ts">
<skipped>
</skipped>
</testcase>
<testcase name="Section 12: Responsive Testing › ✓ Responsive Layout sanity check on /login" classname="09-responsive.spec.ts">
<skipped>
</skipped>
</testcase>
<testcase name="Section 12: Responsive Testing › ✓ Responsive Layout sanity check on /programs" classname="09-responsive.spec.ts">
<skipped>
</skipped>
</testcase>
<testcase name="Section 12: Responsive Testing › ✓ Responsive Layout sanity check on /about" classname="09-responsive.spec.ts">
<skipped>
</skipped>
</testcase>
</testsuite>
<testsuite name="10-visual.spec.ts" timestamp="2026-08-16T19:52:10.112Z" hostname="iPad" tests="4" failures="0" skipped="4" time="0" errors="0">
<testcase name="Section 13: Visual Testing › ✓ Home Page Baseline Snapshot" classname="10-visual.spec.ts">
<skipped>
</skipped>
</testcase>
<testcase name="Section 13: Visual Testing › ✓ Book Demo Page Baseline Snapshot" classname="10-visual.spec.ts">
<skipped>
</skipped>
</testcase>
<testcase name="Section 13: Visual Testing › ✓ Login Page Baseline Snapshot" classname="10-visual.spec.ts">
<skipped>
</skipped>
</testcase>
<testcase name="Section 13: Visual Testing › ✓ Detect UI Health (Broken Images, Overflows)" classname="10-visual.spec.ts">
<skipped>
</skipped>
</testcase>
</testsuite>
<testsuite name="11-performance.spec.ts" timestamp="2026-08-16T19:52:10.112Z" hostname="iPad" tests="4" failures="0" skipped="4" time="0" errors="0">
<testcase name="Section 14: Performance SLA Tests › ✓ Measure metrics and assert &lt; 3s SLA on /" classname="11-performance.spec.ts">
<skipped>
</skipped>
</testcase>
<testcase name="Section 14: Performance SLA Tests › ✓ Measure metrics and assert &lt; 3s SLA on /book-demo" classname="11-performance.spec.ts">
<skipped>
</skipped>
</testcase>
<testcase name="Section 14: Performance SLA Tests › ✓ Measure metrics and assert &lt; 3s SLA on /login" classname="11-performance.spec.ts">
<skipped>
</skipped>
</testcase>
<testcase name="Section 14: Performance SLA Tests › ✓ Measure metrics and assert &lt; 3s SLA on /programs" classname="11-performance.spec.ts">
<skipped>
</skipped>
</testcase>
</testsuite>
<testsuite name="12-accessibility.spec.ts" timestamp="2026-08-16T19:52:10.112Z" hostname="iPad" tests="5" failures="0" skipped="5" time="0" errors="0">
<testcase name="Section 15: Accessibility Audits (WCAG 2.1 AA) › ✓ ARIA Labels &amp; Color Contrast Audit (Home Page)" classname="12-accessibility.spec.ts">
<skipped>
</skipped>
</testcase>
<testcase name="Section 15: Accessibility Audits (WCAG 2.1 AA) › ✓ ARIA Labels &amp; Color Contrast Audit (Book Demo)" classname="12-accessibility.spec.ts">
<skipped>
</skipped>
</testcase>
<testcase name="Section 15: Accessibility Audits (WCAG 2.1 AA) › ✓ Heading Order Verification" classname="12-accessibility.spec.ts">
<skipped>
</skipped>
</testcase>
<testcase name="Section 15: Accessibility Audits (WCAG 2.1 AA) › ✓ Image Alt Text Verification" classname="12-accessibility.spec.ts">
<skipped>
</skipped>
</testcase>
<testcase name="Section 15: Accessibility Audits (WCAG 2.1 AA) › ✓ Keyboard Navigation Audit" classname="12-accessibility.spec.ts">
<skipped>
</skipped>
</testcase>
</testsuite>
<testsuite name="13-seo.spec.ts" timestamp="2026-08-16T19:52:10.112Z" hostname="iPad" tests="6" failures="0" skipped="6" time="0" errors="0">
<testcase name="Section 16: SEO Audits › ✓ Meta Title &amp; Meta Description" classname="13-seo.spec.ts">
<skipped>
</skipped>
</testcase>
<testcase name="Section 16: SEO Audits › ✓ Canonical URL" classname="13-seo.spec.ts">
<skipped>
</skipped>
</testcase>
<testcase name="Section 16: SEO Audits › ✓ OpenGraph Tags" classname="13-seo.spec.ts">
<skipped>
</skipped>
</testcase>
<testcase name="Section 16: SEO Audits › ✓ Twitter Tags" classname="13-seo.spec.ts">
<skipped>
</skipped>
</testcase>
<testcase name="Section 16: SEO Audits › ✓ robots.txt Accessible" classname="13-seo.spec.ts">
<skipped>
</skipped>
</testcase>
<testcase name="Section 16: SEO Audits › ✓ sitemap.xml Accessible" classname="13-seo.spec.ts">
<skipped>
</skipped>
</testcase>
</testsuite>
<testsuite name="14-security.spec.ts" timestamp="2026-08-16T19:52:10.112Z" hostname="iPad" tests="4" failures="0" skipped="4" time="0" errors="0">
<testcase name="Section 17: Security Audits › ✓ Protected Routes Redirect Unauthenticated Users" classname="14-security.spec.ts">
<skipped>
</skipped>
</testcase>
<testcase name="Section 17: Security Audits › ✓ Unauthorized Role Access Blocked (Student accessing Admin)" classname="14-security.spec.ts">
<skipped>
</skipped>
</testcase>
<testcase name="Section 17: Security Audits › ✓ XSS Prevention in Form Inputs" classname="14-security.spec.ts">
<skipped>
</skipped>
</testcase>
<testcase name="Section 17: Security Audits › ✓ Security Headers Verification" classname="14-security.spec.ts">
<skipped>
</skipped>
</testcase>
</testsuite>
<testsuite name="15-classroom-board-editor.spec.ts" timestamp="2026-08-16T19:52:10.112Z" hostname="iPad" tests="1" failures="0" skipped="1" time="0" errors="0">
<testcase name="Section 15: Classroom Board Editor, Free Moves, and Move Notations › ✓ Coach Classroom - Board Editor, Free Move, and Notation Full Working Check" classname="15-classroom-board-editor.spec.ts">
<skipped>
</skipped>
</testcase>
</testsuite>
</testsuites>